{"meta": {"format": 3, "version": "7.9.1", "timestamp": "2025-06-21T14:03:01.298683", "branch_coverage": false, "show_contexts": false}, "files": {"app/__init__.py": {"executed_lines": [0], "summary": {"covered_lines": 0, "num_statements": 0, "percent_covered": 100.0, "percent_covered_display": "100", "missing_lines": 0, "excluded_lines": 0}, "missing_lines": [], "excluded_lines": [], "functions": {"": {"executed_lines": [], "summary": {"covered_lines": 0, "num_statements": 0, "percent_covered": 100.0, "percent_covered_display": "100", "missing_lines": 0, "excluded_lines": 0}, "missing_lines": [], "excluded_lines": []}}, "classes": {"": {"executed_lines": [], "summary": {"covered_lines": 0, "num_statements": 0, "percent_covered": 100.0, "percent_covered_display": "100", "missing_lines": 0, "excluded_lines": 0}, "missing_lines": [], "excluded_lines": []}}}, "app/api/__init__.py": {"executed_lines": [0], "summary": {"covered_lines": 0, "num_statements": 0, "percent_covered": 100.0, "percent_covered_display": "100", "missing_lines": 0, "excluded_lines": 0}, "missing_lines": [], "excluded_lines": [], "functions": {"": {"executed_lines": [], "summary": {"covered_lines": 0, "num_statements": 0, "percent_covered": 100.0, "percent_covered_display": "100", "missing_lines": 0, "excluded_lines": 0}, "missing_lines": [], "excluded_lines": []}}, "classes": {"": {"executed_lines": [], "summary": {"covered_lines": 0, "num_statements": 0, "percent_covered": 100.0, "percent_covered_display": "100", "missing_lines": 0, "excluded_lines": 0}, "missing_lines": [], "excluded_lines": []}}}, "app/api/admin.py": {"executed_lines": [1, 7, 8, 9, 10, 11, 13, 14, 17, 18, 20, 21, 22, 23, 24, 25, 26, 29, 30, 46, 47, 65, 66], "summary": {"covered_lines": 21, "num_statements": 32, "percent_covered": 65.625, "percent_covered_display": "66", "missing_lines": 11, "excluded_lines": 0}, "missing_lines": [36, 37, 38, 43, 53, 55, 56, 57, 62, 73, 90], "excluded_lines": [], "functions": {"get_app_performance": {"executed_lines": [], "summary": {"covered_lines": 0, "num_statements": 4, "percent_covered": 0.0, "percent_covered_display": "0", "missing_lines": 4, "excluded_lines": 0}, "missing_lines": [36, 37, 38, 43], "excluded_lines": []}, "clear_cache": {"executed_lines": [], "summary": {"covered_lines": 0, "num_statements": 5, "percent_covered": 0.0, "percent_covered_display": "0", "missing_lines": 5, "excluded_lines": 0}, "missing_lines": [53, 55, 56, 57, 62], "excluded_lines": []}, "get_app_config": {"executed_lines": [], "summary": {"covered_lines": 0, "num_statements": 2, "percent_covered": 0.0, "percent_covered_display": "0", "missing_lines": 2, "excluded_lines": 0}, "missing_lines": [73, 90], "excluded_lines": []}, "": {"executed_lines": [1, 7, 8, 9, 10, 11, 13, 14, 17, 18, 20, 21, 22, 23, 24, 25, 26, 29, 30, 46, 47, 65, 66], "summary": {"covered_lines": 21, "num_statements": 21, "percent_covered": 100.0, "percent_covered_display": "100", "missing_lines": 0, "excluded_lines": 0}, "missing_lines": [], "excluded_lines": []}}, "classes": {"PerformanceMetricsResponse": {"executed_lines": [], "summary": {"covered_lines": 0, "num_statements": 0, "percent_covered": 100.0, "percent_covered_display": "100", "missing_lines": 0, "excluded_lines": 0}, "missing_lines": [], "excluded_lines": []}, "": {"executed_lines": [1, 7, 8, 9, 10, 11, 13, 14, 17, 18, 20, 21, 22, 23, 24, 25, 26, 29, 30, 46, 47, 65, 66], "summary": {"covered_lines": 21, "num_statements": 32, "percent_covered": 65.625, "percent_covered_display": "66", "missing_lines": 11, "excluded_lines": 0}, "missing_lines": [36, 37, 38, 43, 53, 55, 56, 57, 62, 73, 90], "excluded_lines": []}}}, "app/api/analytics.py": {"executed_lines": [1, 5, 7, 8, 9, 10, 12, 13, 16, 17, 48, 49, 75, 76, 101, 102, 146, 147, 173, 174, 203, 204], "summary": {"covered_lines": 21, "num_statements": 77, "percent_covered": 27.272727272727273, "percent_covered_display": "27", "missing_lines": 56, "excluded_lines": 0}, "missing_lines": [25, 27, 28, 29, 31, 38, 40, 41, 42, 57, 58, 65, 67, 68, 69, 83, 84, 85, 89, 90, 91, 93, 94, 95, 107, 109, 114, 115, 116, 117, 126, 128, 137, 138, 139, 151, 152, 162, 163, 165, 166, 167, 178, 179, 190, 193, 195, 196, 197, 208, 209, 219, 222, 224, 225, 226], "excluded_lines": [], "functions": {"track_feature_usage": {"executed_lines": [], "summary": {"covered_lines": 0, "num_statements": 9, "percent_covered": 0.0, "percent_covered_display": "0", "missing_lines": 9, "excluded_lines": 0}, "missing_lines": [25, 27, 28, 29, 31, 38, 40, 41, 42], "excluded_lines": []}, "track_business_metric": {"executed_lines": [], "summary": {"covered_lines": 0, "num_statements": 6, "percent_covered": 0.0, "percent_covered_display": "0", "missing_lines": 6, "excluded_lines": 0}, "missing_lines": [57, 58, 65, 67, 68, 69], "excluded_lines": []}, "get_feature_adoption_metrics": {"executed_lines": [], "summary": {"covered_lines": 0, "num_statements": 9, "percent_covered": 0.0, "percent_covered_display": "0", "missing_lines": 9, "excluded_lines": 0}, "missing_lines": [83, 84, 85, 89, 90, 91, 93, 94, 95], "excluded_lines": []}, "get_analytics_dashboard_summary": {"executed_lines": [], "summary": {"covered_lines": 0, "num_statements": 11, "percent_covered": 0.0, "percent_covered_display": "0", "missing_lines": 11, "excluded_lines": 0}, "missing_lines": [107, 109, 114, 115, 116, 117, 126, 128, 137, 138, 139], "excluded_lines": []}, "track_onboarding_start": {"executed_lines": [], "summary": {"covered_lines": 0, "num_statements": 7, "percent_covered": 0.0, "percent_covered_display": "0", "missing_lines": 7, "excluded_lines": 0}, "missing_lines": [151, 152, 162, 163, 165, 166, 167], "excluded_lines": []}, "track_onboarding_complete": {"executed_lines": [], "summary": {"covered_lines": 0, "num_statements": 7, "percent_covered": 0.0, "percent_covered_display": "0", "missing_lines": 7, "excluded_lines": 0}, "missing_lines": [178, 179, 190, 193, 195, 196, 197], "excluded_lines": []}, "track_onboarding_skip": {"executed_lines": [], "summary": {"covered_lines": 0, "num_statements": 7, "percent_covered": 0.0, "percent_covered_display": "0", "missing_lines": 7, "excluded_lines": 0}, "missing_lines": [208, 209, 219, 222, 224, 225, 226], "excluded_lines": []}, "": {"executed_lines": [1, 5, 7, 8, 9, 10, 12, 13, 16, 17, 48, 49, 75, 76, 101, 102, 146, 147, 173, 174, 203, 204], "summary": {"covered_lines": 21, "num_statements": 21, "percent_covered": 100.0, "percent_covered_display": "100", "missing_lines": 0, "excluded_lines": 0}, "missing_lines": [], "excluded_lines": []}}, "classes": {"": {"executed_lines": [1, 5, 7, 8, 9, 10, 12, 13, 16, 17, 48, 49, 75, 76, 101, 102, 146, 147, 173, 174, 203, 204], "summary": {"covered_lines": 21, "num_statements": 77, "percent_covered": 27.272727272727273, "percent_covered_display": "27", "missing_lines": 56, "excluded_lines": 0}, "missing_lines": [25, 27, 28, 29, 31, 38, 40, 41, 42, 57, 58, 65, 67, 68, 69, 83, 84, 85, 89, 90, 91, 93, 94, 95, 107, 109, 114, 115, 116, 117, 126, 128, 137, 138, 139, 151, 152, 162, 163, 165, 166, 167, 178, 179, 190, 193, 195, 196, 197, 208, 209, 219, 222, 224, 225, 226], "excluded_lines": []}}}, "app/api/assistant.py": {"executed_lines": [1, 5, 6, 8, 9, 10, 11, 12, 13, 14, 16, 18, 21, 22, 24, 26, 29, 31, 36, 37, 39, 41, 42, 46, 47, 49, 52, 53, 57, 58, 102, 103, 139, 140, 168, 169, 205, 206, 250, 251, 287, 288], "summary": {"covered_lines": 38, "num_statements": 103, "percent_covered": 36.89320388349515, "percent_covered_display": "37", "missing_lines": 65, "excluded_lines": 0}, "missing_lines": [64, 66, 67, 77, 81, 82, 92, 96, 97, 98, 110, 111, 119, 121, 127, 131, 133, 134, 135, 146, 147, 154, 155, 157, 160, 161, 162, 163, 164, 177, 178, 180, 184, 185, 187, 194, 200, 201, 202, 212, 213, 215, 224, 225, 229, 236, 242, 243, 244, 245, 246, 257, 258, 261, 271, 272, 275, 276, 278, 280, 281, 282, 283, 284, 290], "excluded_lines": [], "functions": {"process_mention": {"executed_lines": [], "summary": {"covered_lines": 0, "num_statements": 10, "percent_covered": 0.0, "percent_covered_display": "0", "missing_lines": 10, "excluded_lines": 0}, "missing_lines": [64, 66, 67, 77, 81, 82, 92, 96, 97, 98], "excluded_lines": []}, "get_contextual_suggestions": {"executed_lines": [], "summary": {"covered_lines": 0, "num_statements": 9, "percent_covered": 0.0, "percent_covered_display": "0", "missing_lines": 9, "excluded_lines": 0}, "missing_lines": [110, 111, 119, 121, 127, 131, 133, 134, 135], "excluded_lines": []}, "provide_feedback": {"executed_lines": [], "summary": {"covered_lines": 0, "num_statements": 10, "percent_covered": 0.0, "percent_covered_display": "0", "missing_lines": 10, "excluded_lines": 0}, "missing_lines": [146, 147, 154, 155, 157, 160, 161, 162, 163, 164], "excluded_lines": []}, "get_interaction_history": {"executed_lines": [], "summary": {"covered_lines": 0, "num_statements": 10, "percent_covered": 0.0, "percent_covered_display": "0", "missing_lines": 10, "excluded_lines": 0}, "missing_lines": [177, 178, 180, 184, 185, 187, 194, 200, 201, 202], "excluded_lines": []}, "get_interaction_details": {"executed_lines": [], "summary": {"covered_lines": 0, "num_statements": 12, "percent_covered": 0.0, "percent_covered_display": "0", "missing_lines": 12, "excluded_lines": 0}, "missing_lines": [212, 213, 215, 224, 225, 229, 236, 242, 243, 244, 245, 246], "excluded_lines": []}, "dismiss_response_card": {"executed_lines": [], "summary": {"covered_lines": 0, "num_statements": 13, "percent_covered": 0.0, "percent_covered_display": "0", "missing_lines": 13, "excluded_lines": 0}, "missing_lines": [257, 258, 261, 271, 272, 275, 276, 278, 280, 281, 282, 283, 284], "excluded_lines": []}, "assistant_health": {"executed_lines": [], "summary": {"covered_lines": 0, "num_statements": 1, "percent_covered": 0.0, "percent_covered_display": "0", "missing_lines": 1, "excluded_lines": 0}, "missing_lines": [290], "excluded_lines": []}, "": {"executed_lines": [1, 5, 6, 8, 9, 10, 11, 12, 13, 14, 16, 18, 21, 22, 24, 26, 29, 31, 36, 37, 39, 41, 42, 46, 47, 49, 52, 53, 57, 58, 102, 103, 139, 140, 168, 169, 205, 206, 250, 251, 287, 288], "summary": {"covered_lines": 38, "num_statements": 38, "percent_covered": 100.0, "percent_covered_display": "100", "missing_lines": 0, "excluded_lines": 0}, "missing_lines": [], "excluded_lines": []}}, "classes": {"MentionRequest": {"executed_lines": [], "summary": {"covered_lines": 0, "num_statements": 0, "percent_covered": 100.0, "percent_covered_display": "100", "missing_lines": 0, "excluded_lines": 0}, "missing_lines": [], "excluded_lines": []}, "FeedbackRequest": {"executed_lines": [], "summary": {"covered_lines": 0, "num_statements": 0, "percent_covered": 100.0, "percent_covered_display": "100", "missing_lines": 0, "excluded_lines": 0}, "missing_lines": [], "excluded_lines": []}, "SuggestionsRequest": {"executed_lines": [], "summary": {"covered_lines": 0, "num_statements": 0, "percent_covered": 100.0, "percent_covered_display": "100", "missing_lines": 0, "excluded_lines": 0}, "missing_lines": [], "excluded_lines": []}, "": {"executed_lines": [1, 5, 6, 8, 9, 10, 11, 12, 13, 14, 16, 18, 21, 22, 24, 26, 29, 31, 36, 37, 39, 41, 42, 46, 47, 49, 52, 53, 57, 58, 102, 103, 139, 140, 168, 169, 205, 206, 250, 251, 287, 288], "summary": {"covered_lines": 38, "num_statements": 103, "percent_covered": 36.89320388349515, "percent_covered_display": "37", "missing_lines": 65, "excluded_lines": 0}, "missing_lines": [64, 66, 67, 77, 81, 82, 92, 96, 97, 98, 110, 111, 119, 121, 127, 131, 133, 134, 135, 146, 147, 154, 155, 157, 160, 161, 162, 163, 164, 177, 178, 180, 184, 185, 187, 194, 200, 201, 202, 212, 213, 215, 224, 225, 229, 236, 242, 243, 244, 245, 246, 257, 258, 261, 271, 272, 275, 276, 278, 280, 281, 282, 283, 284, 290], "excluded_lines": []}}}, "app/api/auth.py": {"executed_lines": [1, 5, 6, 8, 9, 10, 11, 12, 13, 14, 16, 17, 20, 23, 25, 27, 29, 32, 35, 36, 37, 41, 42, 69, 70, 91, 92, 102, 103, 111, 112, 124, 125], "summary": {"covered_lines": 32, "num_statements": 62, "percent_covered": 51.61290322580645, "percent_covered_display": "52", "missing_lines": 30, "excluded_lines": 0}, "missing_lines": [48, 49, 51, 52, 57, 77, 79, 80, 81, 82, 85, 86, 87, 99, 107, 117, 131, 133, 134, 137, 138, 141, 142, 146, 147, 149, 155, 156, 159, 160], "excluded_lines": [], "functions": {"register_user": {"executed_lines": [25, 27, 29, 32, 35, 36, 37], "summary": {"covered_lines": 7, "num_statements": 7, "percent_covered": 100.0, "percent_covered_display": "100", "missing_lines": 0, "excluded_lines": 0}, "missing_lines": [], "excluded_lines": []}, "get_current_user_profile": {"executed_lines": [], "summary": {"covered_lines": 0, "num_statements": 5, "percent_covered": 0.0, "percent_covered_display": "0", "missing_lines": 5, "excluded_lines": 0}, "missing_lines": [48, 49, 51, 52, 57], "excluded_lines": []}, "update_current_user": {"executed_lines": [], "summary": {"covered_lines": 0, "num_statements": 8, "percent_covered": 0.0, "percent_covered_display": "0", "missing_lines": 8, "excluded_lines": 0}, "missing_lines": [77, 79, 80, 81, 82, 85, 86, 87], "excluded_lines": []}, "logout": {"executed_lines": [], "summary": {"covered_lines": 0, "num_statements": 1, "percent_covered": 0.0, "percent_covered_display": "0", "missing_lines": 1, "excluded_lines": 0}, "missing_lines": [99], "excluded_lines": []}, "validate_token": {"executed_lines": [], "summary": {"covered_lines": 0, "num_statements": 1, "percent_covered": 0.0, "percent_covered_display": "0", "missing_lines": 1, "excluded_lines": 0}, "missing_lines": [107], "excluded_lines": []}, "get_onboarding_status": {"executed_lines": [], "summary": {"covered_lines": 0, "num_statements": 1, "percent_covered": 0.0, "percent_covered_display": "0", "missing_lines": 1, "excluded_lines": 0}, "missing_lines": [117], "excluded_lines": []}, "complete_onboarding": {"executed_lines": [], "summary": {"covered_lines": 0, "num_statements": 14, "percent_covered": 0.0, "percent_covered_display": "0", "missing_lines": 14, "excluded_lines": 0}, "missing_lines": [131, 133, 134, 137, 138, 141, 142, 146, 147, 149, 155, 156, 159, 160], "excluded_lines": []}, "": {"executed_lines": [1, 5, 6, 8, 9, 10, 11, 12, 13, 14, 16, 17, 20, 23, 41, 42, 69, 70, 91, 92, 102, 103, 111, 112, 124, 125], "summary": {"covered_lines": 25, "num_statements": 25, "percent_covered": 100.0, "percent_covered_display": "100", "missing_lines": 0, "excluded_lines": 0}, "missing_lines": [], "excluded_lines": []}}, "classes": {"": {"executed_lines": [1, 5, 6, 8, 9, 10, 11, 12, 13, 14, 16, 17, 20, 23, 25, 27, 29, 32, 35, 36, 37, 41, 42, 69, 70, 91, 92, 102, 103, 111, 112, 124, 125], "summary": {"covered_lines": 32, "num_statements": 62, "percent_covered": 51.61290322580645, "percent_covered_display": "52", "missing_lines": 30, "excluded_lines": 0}, "missing_lines": [48, 49, 51, 52, 57, 77, 79, 80, 81, 82, 85, 86, 87, 99, 107, 117, 131, 133, 134, 137, 138, 141, 142, 146, 147, 149, 155, 156, 159, 160], "excluded_lines": []}}}, "app/api/consensus.py": {"executed_lines": [1, 7, 8, 9, 10, 12, 13, 14, 15, 16, 18, 19, 20, 21, 22, 23, 25, 27, 30, 31, 33, 34, 37, 38, 40, 41, 44, 45, 47, 48, 49, 50, 51, 52, 53, 54, 55, 58, 59, 147, 148, 265, 266, 314, 315, 408, 437], "summary": {"covered_lines": 43, "num_statements": 167, "percent_covered": 25.748502994011975, "percent_covered_display": "26", "missing_lines": 124, "excluded_lines": 0}, "missing_lines": [70, 72, 81, 82, 84, 85, 88, 89, 90, 94, 95, 97, 98, 99, 100, 103, 119, 120, 121, 123, 124, 126, 129, 133, 137, 139, 140, 141, 142, 143, 162, 164, 173, 174, 176, 177, 180, 181, 182, 185, 186, 188, 189, 190, 191, 193, 206, 207, 208, 210, 211, 213, 216, 217, 221, 249, 256, 257, 258, 259, 261, 277, 279, 282, 283, 296, 300, 307, 308, 309, 310, 311, 325, 327, 328, 329, 332, 341, 342, 344, 345, 348, 349, 351, 352, 353, 354, 356, 368, 369, 370, 372, 373, 375, 378, 379, 383, 394, 396, 397, 398, 399, 401, 410, 412, 413, 414, 416, 417, 420, 427, 428, 430, 432, 433, 434, 441, 442, 449, 450, 451, 453, 454, 455], "excluded_lines": [], "functions": {"analyze_consensus": {"executed_lines": [], "summary": {"covered_lines": 0, "num_statements": 30, "percent_covered": 0.0, "percent_covered_display": "0", "missing_lines": 30, "excluded_lines": 0}, "missing_lines": [70, 72, 81, 82, 84, 85, 88, 89, 90, 94, 95, 97, 98, 99, 100, 103, 119, 120, 121, 123, 124, 126, 129, 133, 137, 139, 140, 141, 142, 143], "excluded_lines": []}, "get_consensus_dashboard": {"executed_lines": [], "summary": {"covered_lines": 0, "num_statements": 31, "percent_covered": 0.0, "percent_covered_display": "0", "missing_lines": 31, "excluded_lines": 0}, "missing_lines": [162, 164, 173, 174, 176, 177, 180, 181, 182, 185, 186, 188, 189, 190, 191, 193, 206, 207, 208, 210, 211, 213, 216, 217, 221, 249, 256, 257, 258, 259, 261], "excluded_lines": []}, "submit_family_vote": {"executed_lines": [], "summary": {"covered_lines": 0, "num_statements": 11, "percent_covered": 0.0, "percent_covered_display": "0", "missing_lines": 11, "excluded_lines": 0}, "missing_lines": [277, 279, 282, 283, 296, 300, 307, 308, 309, 310, 311], "excluded_lines": []}, "get_consensus_recommendations": {"executed_lines": [], "summary": {"covered_lines": 0, "num_statements": 31, "percent_covered": 0.0, "percent_covered_display": "0", "missing_lines": 31, "excluded_lines": 0}, "missing_lines": [325, 327, 328, 329, 332, 341, 342, 344, 345, 348, 349, 351, 352, 353, 354, 356, 368, 369, 370, 372, 373, 375, 378, 379, 383, 394, 396, 397, 398, 399, 401], "excluded_lines": []}, "_check_trip_access": {"executed_lines": [], "summary": {"covered_lines": 0, "num_statements": 13, "percent_covered": 0.0, "percent_covered_display": "0", "missing_lines": 13, "excluded_lines": 0}, "missing_lines": [410, 412, 413, 414, 416, 417, 420, 427, 428, 430, 432, 433, 434], "excluded_lines": []}, "_get_user_family_for_trip": {"executed_lines": [], "summary": {"covered_lines": 0, "num_statements": 8, "percent_covered": 0.0, "percent_covered_display": "0", "missing_lines": 8, "excluded_lines": 0}, "missing_lines": [441, 442, 449, 450, 451, 453, 454, 455], "excluded_lines": []}, "": {"executed_lines": [1, 7, 8, 9, 10, 12, 13, 14, 15, 16, 18, 19, 20, 21, 22, 23, 25, 27, 30, 31, 33, 34, 37, 38, 40, 41, 44, 45, 47, 48, 49, 50, 51, 52, 53, 54, 55, 58, 59, 147, 148, 265, 266, 314, 315, 408, 437], "summary": {"covered_lines": 43, "num_statements": 43, "percent_covered": 100.0, "percent_covered_display": "100", "missing_lines": 0, "excluded_lines": 0}, "missing_lines": [], "excluded_lines": []}}, "classes": {"ConsensusRequest": {"executed_lines": [], "summary": {"covered_lines": 0, "num_statements": 0, "percent_covered": 100.0, "percent_covered_display": "100", "missing_lines": 0, "excluded_lines": 0}, "missing_lines": [], "excluded_lines": []}, "VoteRequest": {"executed_lines": [], "summary": {"covered_lines": 0, "num_statements": 0, "percent_covered": 100.0, "percent_covered_display": "100", "missing_lines": 0, "excluded_lines": 0}, "missing_lines": [], "excluded_lines": []}, "ConsensusResponse": {"executed_lines": [], "summary": {"covered_lines": 0, "num_statements": 0, "percent_covered": 100.0, "percent_covered_display": "100", "missing_lines": 0, "excluded_lines": 0}, "missing_lines": [], "excluded_lines": []}, "": {"executed_lines": [1, 7, 8, 9, 10, 12, 13, 14, 15, 16, 18, 19, 20, 21, 22, 23, 25, 27, 30, 31, 33, 34, 37, 38, 40, 41, 44, 45, 47, 48, 49, 50, 51, 52, 53, 54, 55, 58, 59, 147, 148, 265, 266, 314, 315, 408, 437], "summary": {"covered_lines": 43, "num_statements": 167, "percent_covered": 25.748502994011975, "percent_covered_display": "26", "missing_lines": 124, "excluded_lines": 0}, "missing_lines": [70, 72, 81, 82, 84, 85, 88, 89, 90, 94, 95, 97, 98, 99, 100, 103, 119, 120, 121, 123, 124, 126, 129, 133, 137, 139, 140, 141, 142, 143, 162, 164, 173, 174, 176, 177, 180, 181, 182, 185, 186, 188, 189, 190, 191, 193, 206, 207, 208, 210, 211, 213, 216, 217, 221, 249, 256, 257, 258, 259, 261, 277, 279, 282, 283, 296, 300, 307, 308, 309, 310, 311, 325, 327, 328, 329, 332, 341, 342, 344, 345, 348, 349, 351, 352, 353, 354, 356, 368, 369, 370, 372, 373, 375, 378, 379, 383, 394, 396, 397, 398, 399, 401, 410, 412, 413, 414, 416, 417, 420, 427, 428, 430, 432, 433, 434, 441, 442, 449, 450, 451, 453, 454, 455], "excluded_lines": []}}}, "app/api/coordination.py": {"executed_lines": [1, 7, 8, 10, 11, 12, 14, 15, 16, 17, 24, 26, 29, 30, 32, 33, 34, 35, 38, 39, 41, 42, 43, 44, 45, 48, 49, 101, 102, 133, 134, 175, 176, 234, 235], "summary": {"covered_lines": 32, "num_statements": 95, "percent_covered": 33.68421052631579, "percent_covered_display": "34", "missing_lines": 63, "excluded_lines": 0}, "missing_lines": [60, 61, 63, 64, 66, 69, 70, 72, 73, 75, 76, 78, 79, 82, 83, 86, 94, 95, 96, 112, 113, 127, 128, 129, 144, 145, 147, 149, 151, 153, 154, 156, 163, 166, 167, 169, 170, 171, 186, 190, 192, 206, 207, 215, 216, 220, 221, 225, 227, 228, 230, 246, 247, 248, 253, 255, 256, 260, 288, 291, 293, 294, 295], "excluded_lines": [], "functions": {"trigger_coordination_event": {"executed_lines": [], "summary": {"covered_lines": 0, "num_statements": 19, "percent_covered": 0.0, "percent_covered_display": "0", "missing_lines": 19, "excluded_lines": 0}, "missing_lines": [60, 61, 63, 64, 66, 69, 70, 72, 73, 75, 76, 78, 79, 82, 83, 86, 94, 95, 96], "excluded_lines": []}, "get_coordination_status": {"executed_lines": [], "summary": {"covered_lines": 0, "num_statements": 5, "percent_covered": 0.0, "percent_covered_display": "0", "missing_lines": 5, "excluded_lines": 0}, "missing_lines": [112, 113, 127, 128, 129], "excluded_lines": []}, "send_smart_notification": {"executed_lines": [], "summary": {"covered_lines": 0, "num_statements": 14, "percent_covered": 0.0, "percent_covered_display": "0", "missing_lines": 14, "excluded_lines": 0}, "missing_lines": [144, 145, 147, 149, 151, 153, 154, 156, 163, 166, 167, 169, 170, 171], "excluded_lines": []}, "get_automation_health": {"executed_lines": [], "summary": {"covered_lines": 0, "num_statements": 13, "percent_covered": 0.0, "percent_covered_display": "0", "missing_lines": 13, "excluded_lines": 0}, "missing_lines": [186, 190, 192, 206, 207, 215, 216, 220, 221, 225, 227, 228, 230], "excluded_lines": []}, "suggest_coordination_meeting": {"executed_lines": [], "summary": {"covered_lines": 0, "num_statements": 12, "percent_covered": 0.0, "percent_covered_display": "0", "missing_lines": 12, "excluded_lines": 0}, "missing_lines": [246, 247, 248, 253, 255, 256, 260, 288, 291, 293, 294, 295], "excluded_lines": []}, "": {"executed_lines": [1, 7, 8, 10, 11, 12, 14, 15, 16, 17, 24, 26, 29, 30, 32, 33, 34, 35, 38, 39, 41, 42, 43, 44, 45, 48, 49, 101, 102, 133, 134, 175, 176, 234, 235], "summary": {"covered_lines": 32, "num_statements": 32, "percent_covered": 100.0, "percent_covered_display": "100", "missing_lines": 0, "excluded_lines": 0}, "missing_lines": [], "excluded_lines": []}}, "classes": {"CoordinationEventRequest": {"executed_lines": [], "summary": {"covered_lines": 0, "num_statements": 0, "percent_covered": 100.0, "percent_covered_display": "100", "missing_lines": 0, "excluded_lines": 0}, "missing_lines": [], "excluded_lines": []}, "CoordinationStatusResponse": {"executed_lines": [], "summary": {"covered_lines": 0, "num_statements": 0, "percent_covered": 100.0, "percent_covered_display": "100", "missing_lines": 0, "excluded_lines": 0}, "missing_lines": [], "excluded_lines": []}, "": {"executed_lines": [1, 7, 8, 10, 11, 12, 14, 15, 16, 17, 24, 26, 29, 30, 32, 33, 34, 35, 38, 39, 41, 42, 43, 44, 45, 48, 49, 101, 102, 133, 134, 175, 176, 234, 235], "summary": {"covered_lines": 32, "num_statements": 95, "percent_covered": 33.68421052631579, "percent_covered_display": "34", "missing_lines": 63, "excluded_lines": 0}, "missing_lines": [60, 61, 63, 64, 66, 69, 70, 72, 73, 75, 76, 78, 79, 82, 83, 86, 94, 95, 96, 112, 113, 127, 128, 129, 144, 145, 147, 149, 151, 153, 154, 156, 163, 166, 167, 169, 170, 171, 186, 190, 192, 206, 207, 215, 216, 220, 221, 225, 227, 228, 230, 246, 247, 248, 253, 255, 256, 260, 288, 291, 293, 294, 295], "excluded_lines": []}}}, "app/api/exports.py": {"executed_lines": [1, 5, 6, 8, 9, 10, 11, 12, 13, 14, 15, 24, 25, 27, 28, 31, 32, 34, 35, 36, 39, 40, 42, 43, 44, 47, 48, 144, 145, 206, 207, 256, 257, 310, 311], "summary": {"covered_lines": 32, "num_statements": 115, "percent_covered": 27.82608695652174, "percent_covered_display": "28", "missing_lines": 83, "excluded_lines": 0}, "missing_lines": [57, 59, 60, 62, 63, 67, 69, 76, 87, 89, 90, 95, 96, 99, 105, 106, 107, 113, 114, 120, 125, 134, 135, 136, 137, 138, 153, 155, 156, 158, 159, 160, 161, 163, 164, 169, 170, 174, 176, 182, 191, 196, 197, 198, 199, 200, 211, 212, 215, 217, 218, 223, 224, 230, 231, 239, 246, 248, 249, 250, 263, 265, 266, 268, 269, 274, 278, 279, 285, 286, 292, 299, 300, 301, 302, 304, 318, 319, 322, 324, 331, 332, 333], "excluded_lines": [], "functions": {"export_trip": {"executed_lines": [], "summary": {"covered_lines": 0, "num_statements": 26, "percent_covered": 0.0, "percent_covered_display": "0", "missing_lines": 26, "excluded_lines": 0}, "missing_lines": [57, 59, 60, 62, 63, 67, 69, 76, 87, 89, 90, 95, 96, 99, 105, 106, 107, 113, 114, 120, 125, 134, 135, 136, 137, 138], "excluded_lines": []}, "bulk_export_trips_endpoint": {"executed_lines": [], "summary": {"covered_lines": 0, "num_statements": 20, "percent_covered": 0.0, "percent_covered_display": "0", "missing_lines": 20, "excluded_lines": 0}, "missing_lines": [153, 155, 156, 158, 159, 160, 161, 163, 164, 169, 170, 174, 176, 182, 191, 196, 197, 198, 199, 200], "excluded_lines": []}, "get_export_task_status": {"executed_lines": [], "summary": {"covered_lines": 0, "num_statements": 14, "percent_covered": 0.0, "percent_covered_display": "0", "missing_lines": 14, "excluded_lines": 0}, "missing_lines": [211, 212, 215, 217, 218, 223, 224, 230, 231, 239, 246, 248, 249, 250], "excluded_lines": []}, "export_activity_summary": {"executed_lines": [], "summary": {"covered_lines": 0, "num_statements": 16, "percent_covered": 0.0, "percent_covered_display": "0", "missing_lines": 16, "excluded_lines": 0}, "missing_lines": [263, 265, 266, 268, 269, 274, 278, 279, 285, 286, 292, 299, 300, 301, 302, 304], "excluded_lines": []}, "cleanup_old_exports": {"executed_lines": [], "summary": {"covered_lines": 0, "num_statements": 7, "percent_covered": 0.0, "percent_covered_display": "0", "missing_lines": 7, "excluded_lines": 0}, "missing_lines": [318, 319, 322, 324, 331, 332, 333], "excluded_lines": []}, "": {"executed_lines": [1, 5, 6, 8, 9, 10, 11, 12, 13, 14, 15, 24, 25, 27, 28, 31, 32, 34, 35, 36, 39, 40, 42, 43, 44, 47, 48, 144, 145, 206, 207, 256, 257, 310, 311], "summary": {"covered_lines": 32, "num_statements": 32, "percent_covered": 100.0, "percent_covered_display": "100", "missing_lines": 0, "excluded_lines": 0}, "missing_lines": [], "excluded_lines": []}}, "classes": {"ExportRequest": {"executed_lines": [], "summary": {"covered_lines": 0, "num_statements": 0, "percent_covered": 100.0, "percent_covered_display": "100", "missing_lines": 0, "excluded_lines": 0}, "missing_lines": [], "excluded_lines": []}, "BulkExportRequest": {"executed_lines": [], "summary": {"covered_lines": 0, "num_statements": 0, "percent_covered": 100.0, "percent_covered_display": "100", "missing_lines": 0, "excluded_lines": 0}, "missing_lines": [], "excluded_lines": []}, "": {"executed_lines": [1, 5, 6, 8, 9, 10, 11, 12, 13, 14, 15, 24, 25, 27, 28, 31, 32, 34, 35, 36, 39, 40, 42, 43, 44, 47, 48, 144, 145, 206, 207, 256, 257, 310, 311], "summary": {"covered_lines": 32, "num_statements": 115, "percent_covered": 27.82608695652174, "percent_covered_display": "28", "missing_lines": 83, "excluded_lines": 0}, "missing_lines": [57, 59, 60, 62, 63, 67, 69, 76, 87, 89, 90, 95, 96, 99, 105, 106, 107, 113, 114, 120, 125, 134, 135, 136, 137, 138, 153, 155, 156, 158, 159, 160, 161, 163, 164, 169, 170, 174, 176, 182, 191, 196, 197, 198, 199, 200, 211, 212, 215, 217, 218, 223, 224, 230, 231, 239, 246, 248, 249, 250, 263, 265, 266, 268, 269, 274, 278, 279, 285, 286, 292, 299, 300, 301, 302, 304, 318, 319, 322, 324, 331, 332, 333], "excluded_lines": []}}}, "app/api/families.py": {"executed_lines": [1, 6, 7, 8, 10, 11, 12, 14, 15, 16, 17, 18, 33, 35, 36, 39, 40, 95, 96, 124, 125, 169, 170, 225, 226, 278, 283, 363, 364, 407, 408, 483, 486, 569, 574, 697, 698, 789, 790, 844, 845, 898], "summary": {"covered_lines": 41, "num_statements": 294, "percent_covered": 13.945578231292517, "percent_covered_display": "14", "missing_lines": 253, "excluded_lines": 0}, "missing_lines": [47, 49, 61, 62, 68, 69, 70, 73, 79, 80, 81, 83, 84, 86, 87, 88, 89, 104, 105, 114, 116, 117, 118, 132, 133, 134, 135, 140, 151, 152, 157, 159, 160, 161, 162, 163, 177, 178, 179, 180, 185, 197, 198, 204, 205, 206, 208, 209, 211, 212, 214, 215, 216, 217, 218, 219, 232, 233, 234, 235, 240, 252, 253, 259, 260, 262, 264, 265, 266, 267, 268, 269, 290, 291, 292, 293, 298, 310, 311, 317, 318, 319, 324, 335, 336, 342, 343, 344, 345, 347, 350, 352, 353, 354, 355, 356, 357, 370, 372, 383, 384, 389, 394, 396, 397, 398, 399, 401, 416, 417, 426, 427, 432, 444, 446, 447, 453, 454, 456, 458, 462, 463, 465, 466, 468, 470, 472, 473, 474, 475, 476, 477, 493, 494, 503, 504, 509, 521, 523, 524, 530, 531, 542, 543, 549, 550, 552, 555, 556, 557, 558, 559, 560, 582, 584, 585, 586, 591, 604, 605, 611, 623, 624, 630, 642, 643, 649, 650, 653, 664, 665, 666, 669, 670, 677, 678, 681, 684, 686, 687, 688, 689, 690, 691, 705, 707, 713, 714, 719, 720, 725, 726, 727, 728, 733, 734, 740, 751, 753, 754, 755, 756, 759, 767, 768, 770, 771, 773, 776, 778, 779, 780, 781, 782, 783, 797, 799, 805, 806, 811, 812, 818, 819, 825, 826, 828, 831, 833, 834, 835, 836, 837, 838, 852, 854, 855, 856, 861, 872, 873, 879, 886, 888, 889, 890, 891, 892, 906, 909, 913, 921, 922, 924], "excluded_lines": [], "functions": {"create_family": {"executed_lines": [], "summary": {"covered_lines": 0, "num_statements": 17, "percent_covered": 0.0, "percent_covered_display": "0", "missing_lines": 17, "excluded_lines": 0}, "missing_lines": [47, 49, 61, 62, 68, 69, 70, 73, 79, 80, 81, 83, 84, 86, 87, 88, 89], "excluded_lines": []}, "get_user_families": {"executed_lines": [], "summary": {"covered_lines": 0, "num_statements": 6, "percent_covered": 0.0, "percent_covered_display": "0", "missing_lines": 6, "excluded_lines": 0}, "missing_lines": [104, 105, 114, 116, 117, 118], "excluded_lines": []}, "get_family": {"executed_lines": [], "summary": {"covered_lines": 0, "num_statements": 13, "percent_covered": 0.0, "percent_covered_display": "0", "missing_lines": 13, "excluded_lines": 0}, "missing_lines": [132, 133, 134, 135, 140, 151, 152, 157, 159, 160, 161, 162, 163], "excluded_lines": []}, "update_family": {"executed_lines": [], "summary": {"covered_lines": 0, "num_statements": 20, "percent_covered": 0.0, "percent_covered_display": "0", "missing_lines": 20, "excluded_lines": 0}, "missing_lines": [177, 178, 179, 180, 185, 197, 198, 204, 205, 206, 208, 209, 211, 212, 214, 215, 216, 217, 218, 219], "excluded_lines": []}, "delete_family": {"executed_lines": [], "summary": {"covered_lines": 0, "num_statements": 16, "percent_covered": 0.0, "percent_covered_display": "0", "missing_lines": 16, "excluded_lines": 0}, "missing_lines": [232, 233, 234, 235, 240, 252, 253, 259, 260, 262, 264, 265, 266, 267, 268, 269], "excluded_lines": []}, "add_family_member": {"executed_lines": [], "summary": {"covered_lines": 0, "num_statements": 25, "percent_covered": 0.0, "percent_covered_display": "0", "missing_lines": 25, "excluded_lines": 0}, "missing_lines": [290, 291, 292, 293, 298, 310, 311, 317, 318, 319, 324, 335, 336, 342, 343, 344, 345, 347, 350, 352, 353, 354, 355, 356, 357], "excluded_lines": []}, "get_family_members": {"executed_lines": [], "summary": {"covered_lines": 0, "num_statements": 11, "percent_covered": 0.0, "percent_covered_display": "0", "missing_lines": 11, "excluded_lines": 0}, "missing_lines": [370, 372, 383, 384, 389, 394, 396, 397, 398, 399, 401], "excluded_lines": []}, "update_family_member": {"executed_lines": [], "summary": {"covered_lines": 0, "num_statements": 24, "percent_covered": 0.0, "percent_covered_display": "0", "missing_lines": 24, "excluded_lines": 0}, "missing_lines": [416, 417, 426, 427, 432, 444, 446, 447, 453, 454, 456, 458, 462, 463, 465, 466, 468, 470, 472, 473, 474, 475, 476, 477], "excluded_lines": []}, "remove_family_member": {"executed_lines": [], "summary": {"covered_lines": 0, "num_statements": 21, "percent_covered": 0.0, "percent_covered_display": "0", "missing_lines": 21, "excluded_lines": 0}, "missing_lines": [493, 494, 503, 504, 509, 521, 523, 524, 530, 531, 542, 543, 549, 550, 552, 555, 556, 557, 558, 559, 560], "excluded_lines": []}, "invite_family_member": {"executed_lines": [], "summary": {"covered_lines": 0, "num_statements": 31, "percent_covered": 0.0, "percent_covered_display": "0", "missing_lines": 31, "excluded_lines": 0}, "missing_lines": [582, 584, 585, 586, 591, 604, 605, 611, 623, 624, 630, 642, 643, 649, 650, 653, 664, 665, 666, 669, 670, 677, 678, 681, 684, 686, 687, 688, 689, 690, 691], "excluded_lines": []}, "accept_family_invitation": {"executed_lines": [], "summary": {"covered_lines": 0, "num_statements": 31, "percent_covered": 0.0, "percent_covered_display": "0", "missing_lines": 31, "excluded_lines": 0}, "missing_lines": [705, 707, 713, 714, 719, 720, 725, 726, 727, 728, 733, 734, 740, 751, 753, 754, 755, 756, 759, 767, 768, 770, 771, 773, 776, 778, 779, 780, 781, 782, 783], "excluded_lines": []}, "decline_family_invitation": {"executed_lines": [], "summary": {"covered_lines": 0, "num_statements": 18, "percent_covered": 0.0, "percent_covered_display": "0", "missing_lines": 18, "excluded_lines": 0}, "missing_lines": [797, 799, 805, 806, 811, 812, 818, 819, 825, 826, 828, 831, 833, 834, 835, 836, 837, 838], "excluded_lines": []}, "get_family_invitations": {"executed_lines": [], "summary": {"covered_lines": 0, "num_statements": 14, "percent_covered": 0.0, "percent_covered_display": "0", "missing_lines": 14, "excluded_lines": 0}, "missing_lines": [852, 854, 855, 856, 861, 872, 873, 879, 886, 888, 889, 890, 891, 892], "excluded_lines": []}, "send_family_invitation_email": {"executed_lines": [], "summary": {"covered_lines": 0, "num_statements": 6, "percent_covered": 0.0, "percent_covered_display": "0", "missing_lines": 6, "excluded_lines": 0}, "missing_lines": [906, 909, 913, 921, 922, 924], "excluded_lines": []}, "": {"executed_lines": [1, 6, 7, 8, 10, 11, 12, 14, 15, 16, 17, 18, 33, 35, 36, 39, 40, 95, 96, 124, 125, 169, 170, 225, 226, 278, 283, 363, 364, 407, 408, 483, 486, 569, 574, 697, 698, 789, 790, 844, 845, 898], "summary": {"covered_lines": 41, "num_statements": 41, "percent_covered": 100.0, "percent_covered_display": "100", "missing_lines": 0, "excluded_lines": 0}, "missing_lines": [], "excluded_lines": []}}, "classes": {"": {"executed_lines": [1, 6, 7, 8, 10, 11, 12, 14, 15, 16, 17, 18, 33, 35, 36, 39, 40, 95, 96, 124, 125, 169, 170, 225, 226, 278, 283, 363, 364, 407, 408, 483, 486, 569, 574, 697, 698, 789, 790, 844, 845, 898], "summary": {"covered_lines": 41, "num_statements": 294, "percent_covered": 13.945578231292517, "percent_covered_display": "14", "missing_lines": 253, "excluded_lines": 0}, "missing_lines": [47, 49, 61, 62, 68, 69, 70, 73, 79, 80, 81, 83, 84, 86, 87, 88, 89, 104, 105, 114, 116, 117, 118, 132, 133, 134, 135, 140, 151, 152, 157, 159, 160, 161, 162, 163, 177, 178, 179, 180, 185, 197, 198, 204, 205, 206, 208, 209, 211, 212, 214, 215, 216, 217, 218, 219, 232, 233, 234, 235, 240, 252, 253, 259, 260, 262, 264, 265, 266, 267, 268, 269, 290, 291, 292, 293, 298, 310, 311, 317, 318, 319, 324, 335, 336, 342, 343, 344, 345, 347, 350, 352, 353, 354, 355, 356, 357, 370, 372, 383, 384, 389, 394, 396, 397, 398, 399, 401, 416, 417, 426, 427, 432, 444, 446, 447, 453, 454, 456, 458, 462, 463, 465, 466, 468, 470, 472, 473, 474, 475, 476, 477, 493, 494, 503, 504, 509, 521, 523, 524, 530, 531, 542, 543, 549, 550, 552, 555, 556, 557, 558, 559, 560, 582, 584, 585, 586, 591, 604, 605, 611, 623, 624, 630, 642, 643, 649, 650, 653, 664, 665, 666, 669, 670, 677, 678, 681, 684, 686, 687, 688, 689, 690, 691, 705, 707, 713, 714, 719, 720, 725, 726, 727, 728, 733, 734, 740, 751, 753, 754, 755, 756, 759, 767, 768, 770, 771, 773, 776, 778, 779, 780, 781, 782, 783, 797, 799, 805, 806, 811, 812, 818, 819, 825, 826, 828, 831, 833, 834, 835, 836, 837, 838, 852, 854, 855, 856, 861, 872, 873, 879, 886, 888, 889, 890, 891, 892, 906, 909, 913, 921, 922, 924], "excluded_lines": []}}}, "app/api/feedback.py": {"executed_lines": [1, 7, 8, 10, 11, 12, 14, 15, 16, 17, 25, 27, 30, 31, 33, 34, 35, 36, 39, 40, 42, 43, 44, 47, 48, 50, 51, 52, 53, 56, 57, 108, 109, 154, 155, 219, 220, 274, 275, 335, 336, 389, 410], "summary": {"covered_lines": 39, "num_statements": 151, "percent_covered": 25.827814569536425, "percent_covered_display": "26", "missing_lines": 112, "excluded_lines": 0}, "missing_lines": [69, 71, 73, 84, 85, 88, 96, 100, 101, 102, 103, 104, 119, 120, 123, 144, 145, 147, 148, 149, 167, 168, 171, 172, 173, 174, 175, 176, 179, 182, 183, 184, 185, 188, 189, 194, 195, 198, 200, 202, 204, 211, 212, 213, 214, 215, 231, 232, 234, 240, 241, 242, 243, 244, 245, 250, 252, 253, 256, 263, 266, 267, 268, 269, 270, 286, 287, 290, 292, 293, 298, 305, 309, 310, 313, 322, 327, 328, 329, 330, 331, 346, 347, 376, 377, 379, 380, 381, 391, 393, 394, 396, 397, 399, 400, 401, 402, 403, 405, 406, 407, 412, 413, 414, 415, 416, 417, 418, 419, 422, 423, 425], "excluded_lines": [], "functions": {"submit_feedback": {"executed_lines": [], "summary": {"covered_lines": 0, "num_statements": 12, "percent_covered": 0.0, "percent_covered_display": "0", "missing_lines": 12, "excluded_lines": 0}, "missing_lines": [69, 71, 73, 84, 85, 88, 96, 100, 101, 102, 103, 104], "excluded_lines": []}, "get_feedback_dashboard": {"executed_lines": [], "summary": {"covered_lines": 0, "num_statements": 8, "percent_covered": 0.0, "percent_covered_display": "0", "missing_lines": 8, "excluded_lines": 0}, "missing_lines": [119, 120, 123, 144, 145, 147, 148, 149], "excluded_lines": []}, "get_trip_feedback": {"executed_lines": [], "summary": {"covered_lines": 0, "num_statements": 26, "percent_covered": 0.0, "percent_covered_display": "0", "missing_lines": 26, "excluded_lines": 0}, "missing_lines": [167, 168, 171, 172, 173, 174, 175, 176, 179, 182, 183, 184, 185, 188, 189, 194, 195, 198, 200, 202, 204, 211, 212, 213, 214, 215], "excluded_lines": []}, "respond_to_feedback": {"executed_lines": [], "summary": {"covered_lines": 0, "num_statements": 19, "percent_covered": 0.0, "percent_covered_display": "0", "missing_lines": 19, "excluded_lines": 0}, "missing_lines": [231, 232, 234, 240, 241, 242, 243, 244, 245, 250, 252, 253, 256, 263, 266, 267, 268, 269, 270], "excluded_lines": []}, "submit_live_change": {"executed_lines": [], "summary": {"covered_lines": 0, "num_statements": 16, "percent_covered": 0.0, "percent_covered_display": "0", "missing_lines": 16, "excluded_lines": 0}, "missing_lines": [286, 287, 290, 292, 293, 298, 305, 309, 310, 313, 322, 327, 328, 329, 330, 331], "excluded_lines": []}, "get_collaboration_status": {"executed_lines": [], "summary": {"covered_lines": 0, "num_statements": 7, "percent_covered": 0.0, "percent_covered_display": "0", "missing_lines": 7, "excluded_lines": 0}, "missing_lines": [346, 347, 376, 377, 379, 380, 381], "excluded_lines": []}, "_calculate_time_since": {"executed_lines": [], "summary": {"covered_lines": 0, "num_statements": 13, "percent_covered": 0.0, "percent_covered_display": "0", "missing_lines": 13, "excluded_lines": 0}, "missing_lines": [391, 393, 394, 396, 397, 399, 400, 401, 402, 403, 405, 406, 407], "excluded_lines": []}, "_calculate_urgency": {"executed_lines": [], "summary": {"covered_lines": 0, "num_statements": 11, "percent_covered": 0.0, "percent_covered_display": "0", "missing_lines": 11, "excluded_lines": 0}, "missing_lines": [412, 413, 414, 415, 416, 417, 418, 419, 422, 423, 425], "excluded_lines": []}, "": {"executed_lines": [1, 7, 8, 10, 11, 12, 14, 15, 16, 17, 25, 27, 30, 31, 33, 34, 35, 36, 39, 40, 42, 43, 44, 47, 48, 50, 51, 52, 53, 56, 57, 108, 109, 154, 155, 219, 220, 274, 275, 335, 336, 389, 410], "summary": {"covered_lines": 39, "num_statements": 39, "percent_covered": 100.0, "percent_covered_display": "100", "missing_lines": 0, "excluded_lines": 0}, "missing_lines": [], "excluded_lines": []}}, "classes": {"FeedbackSubmissionRequest": {"executed_lines": [], "summary": {"covered_lines": 0, "num_statements": 0, "percent_covered": 100.0, "percent_covered_display": "100", "missing_lines": 0, "excluded_lines": 0}, "missing_lines": [], "excluded_lines": []}, "FeedbackResponseRequest": {"executed_lines": [], "summary": {"covered_lines": 0, "num_statements": 0, "percent_covered": 100.0, "percent_covered_display": "100", "missing_lines": 0, "excluded_lines": 0}, "missing_lines": [], "excluded_lines": []}, "LiveChangeRequest": {"executed_lines": [], "summary": {"covered_lines": 0, "num_statements": 0, "percent_covered": 100.0, "percent_covered_display": "100", "missing_lines": 0, "excluded_lines": 0}, "missing_lines": [], "excluded_lines": []}, "": {"executed_lines": [1, 7, 8, 10, 11, 12, 14, 15, 16, 17, 25, 27, 30, 31, 33, 34, 35, 36, 39, 40, 42, 43, 44, 47, 48, 50, 51, 52, 53, 56, 57, 108, 109, 154, 155, 219, 220, 274, 275, 335, 336, 389, 410], "summary": {"covered_lines": 39, "num_statements": 151, "percent_covered": 25.827814569536425, "percent_covered_display": "26", "missing_lines": 112, "excluded_lines": 0}, "missing_lines": [69, 71, 73, 84, 85, 88, 96, 100, 101, 102, 103, 104, 119, 120, 123, 144, 145, 147, 148, 149, 167, 168, 171, 172, 173, 174, 175, 176, 179, 182, 183, 184, 185, 188, 189, 194, 195, 198, 200, 202, 204, 211, 212, 213, 214, 215, 231, 232, 234, 240, 241, 242, 243, 244, 245, 250, 252, 253, 256, 263, 266, 267, 268, 269, 270, 286, 287, 290, 292, 293, 298, 305, 309, 310, 313, 322, 327, 328, 329, 330, 331, 346, 347, 376, 377, 379, 380, 381, 391, 393, 394, 396, 397, 399, 400, 401, 402, 403, 405, 406, 407, 412, 413, 414, 415, 416, 417, 418, 419, 422, 423, 425], "excluded_lines": []}}}, "app/api/health.py": {"executed_lines": [1, 5, 6, 7, 8, 10, 11, 12, 13, 14, 15, 16, 17, 19, 24, 27, 28, 44, 45, 52, 53, 56, 57, 59, 60, 61, 62, 65, 66, 68, 69, 70, 71, 75, 78, 79, 84, 90, 91, 97, 98, 99, 100, 103, 104, 105, 106, 108, 118, 128, 129, 130, 149, 150, 151, 152, 155, 156, 168, 180, 181, 186, 192, 201, 202, 203, 213, 214, 215, 224, 226, 238, 239, 243, 245, 247, 248, 249, 252, 271, 285, 286, 290, 292], "summary": {"covered_lines": 83, "num_statements": 118, "percent_covered": 70.33898305084746, "percent_covered_display": "70", "missing_lines": 35, "excluded_lines": 0}, "missing_lines": [33, 34, 58, 67, 119, 120, 121, 123, 124, 125, 131, 133, 144, 145, 146, 147, 157, 158, 159, 161, 170, 171, 172, 173, 174, 176, 197, 198, 209, 210, 221, 222, 277, 278, 279], "excluded_lines": [], "functions": {"health_check": {"executed_lines": [], "summary": {"covered_lines": 0, "num_statements": 2, "percent_covered": 0.0, "percent_covered_display": "0", "missing_lines": 2, "excluded_lines": 0}, "missing_lines": [33, 34], "excluded_lines": []}, "readiness_check": {"executed_lines": [52, 53, 56, 57, 59, 60, 61, 62, 65, 66, 68, 69, 70, 71, 75], "summary": {"covered_lines": 15, "num_statements": 17, "percent_covered": 88.23529411764706, "percent_covered_display": "88", "missing_lines": 2, "excluded_lines": 0}, "missing_lines": [58, 67], "excluded_lines": []}, "liveness_check": {"executed_lines": [84], "summary": {"covered_lines": 1, "num_statements": 1, "percent_covered": 100.0, "percent_covered_display": "100", "missing_lines": 0, "excluded_lines": 0}, "missing_lines": [], "excluded_lines": []}, "detailed_health_check": {"executed_lines": [97, 98, 99, 100, 103, 104, 105, 106, 108, 118, 128, 129, 130, 149, 150, 151, 152, 155, 156, 168, 180, 181, 186, 192, 201, 202, 203, 213, 214, 215, 224, 226], "summary": {"covered_lines": 32, "num_statements": 60, "percent_covered": 53.333333333333336, "percent_covered_display": "53", "missing_lines": 28, "excluded_lines": 0}, "missing_lines": [119, 120, 121, 123, 124, 125, 131, 133, 144, 145, 146, 147, 157, 158, 159, 161, 170, 171, 172, 173, 174, 176, 197, 198, 209, 210, 221, 222], "excluded_lines": []}, "metrics_endpoint": {"executed_lines": [243, 245, 247, 248, 249, 252, 271], "summary": {"covered_lines": 7, "num_statements": 10, "percent_covered": 70.0, "percent_covered_display": "70", "missing_lines": 3, "excluded_lines": 0}, "missing_lines": [277, 278, 279], "excluded_lines": []}, "version_info": {"executed_lines": [290, 292], "summary": {"covered_lines": 2, "num_statements": 2, "percent_covered": 100.0, "percent_covered_display": "100", "missing_lines": 0, "excluded_lines": 0}, "missing_lines": [], "excluded_lines": []}, "": {"executed_lines": [1, 5, 6, 7, 8, 10, 11, 12, 13, 14, 15, 16, 17, 19, 24, 27, 28, 44, 45, 78, 79, 90, 91, 238, 239, 285, 286], "summary": {"covered_lines": 26, "num_statements": 26, "percent_covered": 100.0, "percent_covered_display": "100", "missing_lines": 0, "excluded_lines": 0}, "missing_lines": [], "excluded_lines": []}}, "classes": {"": {"executed_lines": [1, 5, 6, 7, 8, 10, 11, 12, 13, 14, 15, 16, 17, 19, 24, 27, 28, 44, 45, 52, 53, 56, 57, 59, 60, 61, 62, 65, 66, 68, 69, 70, 71, 75, 78, 79, 84, 90, 91, 97, 98, 99, 100, 103, 104, 105, 106, 108, 118, 128, 129, 130, 149, 150, 151, 152, 155, 156, 168, 180, 181, 186, 192, 201, 202, 203, 213, 214, 215, 224, 226, 238, 239, 243, 245, 247, 248, 249, 252, 271, 285, 286, 290, 292], "summary": {"covered_lines": 83, "num_statements": 118, "percent_covered": 70.33898305084746, "percent_covered_display": "70", "missing_lines": 35, "excluded_lines": 0}, "missing_lines": [33, 34, 58, 67, 119, 120, 121, 123, 124, 125, 131, 133, 144, 145, 146, 147, 157, 158, 159, 161, 170, 171, 172, 173, 174, 176, 197, 198, 209, 210, 221, 222, 277, 278, 279], "excluded_lines": []}}}, "app/api/itineraries.py": {"executed_lines": [1, 6, 8, 9, 10, 12, 13, 14, 15, 16, 17, 19, 20, 23, 24, 27, 30, 31, 32, 33, 36, 37, 38, 39, 40, 43, 44, 45, 46, 47, 48, 49, 52, 53, 54, 55, 56, 59, 60, 61, 62, 63, 64, 65, 66, 67, 68, 71, 72, 73, 74, 77, 78, 220, 221, 313, 314, 386, 387, 480, 481], "summary": {"covered_lines": 60, "num_statements": 169, "percent_covered": 35.50295857988166, "percent_covered_display": "36", "missing_lines": 109, "excluded_lines": 0}, "missing_lines": [87, 89, 90, 91, 96, 107, 108, 114, 115, 117, 120, 121, 122, 123, 138, 141, 142, 143, 144, 146, 151, 152, 154, 155, 158, 159, 166, 169, 180, 199, 206, 207, 209, 210, 211, 212, 214, 231, 233, 234, 235, 239, 250, 251, 257, 265, 268, 271, 292, 299, 300, 302, 303, 304, 305, 307, 331, 333, 334, 335, 339, 350, 351, 357, 366, 367, 369, 375, 376, 377, 378, 380, 399, 401, 402, 403, 407, 418, 419, 425, 435, 438, 441, 461, 469, 470, 471, 472, 474, 493, 495, 496, 497, 501, 512, 513, 519, 528, 529, 531, 532, 533, 550, 552, 560, 561, 562, 563, 566], "excluded_lines": [], "functions": {"generate_itinerary": {"executed_lines": [], "summary": {"covered_lines": 0, "num_statements": 37, "percent_covered": 0.0, "percent_covered_display": "0", "missing_lines": 37, "excluded_lines": 0}, "missing_lines": [87, 89, 90, 91, 96, 107, 108, 114, 115, 117, 120, 121, 122, 123, 138, 141, 142, 143, 144, 146, 151, 152, 154, 155, 158, 159, 166, 169, 180, 199, 206, 207, 209, 210, 211, 212, 214], "excluded_lines": []}, "customize_itinerary": {"executed_lines": [], "summary": {"covered_lines": 0, "num_statements": 19, "percent_covered": 0.0, "percent_covered_display": "0", "missing_lines": 19, "excluded_lines": 0}, "missing_lines": [231, 233, 234, 235, 239, 250, 251, 257, 265, 268, 271, 292, 299, 300, 302, 303, 304, 305, 307], "excluded_lines": []}, "get_activity_suggestions": {"executed_lines": [], "summary": {"covered_lines": 0, "num_statements": 16, "percent_covered": 0.0, "percent_covered_display": "0", "missing_lines": 16, "excluded_lines": 0}, "missing_lines": [331, 333, 334, 335, 339, 350, 351, 357, 366, 367, 369, 375, 376, 377, 378, 380], "excluded_lines": []}, "optimize_itinerary": {"executed_lines": [], "summary": {"covered_lines": 0, "num_statements": 17, "percent_covered": 0.0, "percent_covered_display": "0", "missing_lines": 17, "excluded_lines": 0}, "missing_lines": [399, 401, 402, 403, 407, 418, 419, 425, 435, 438, 441, 461, 469, 470, 471, 472, 474], "excluded_lines": []}, "get_itinerary_alternatives": {"executed_lines": [], "summary": {"covered_lines": 0, "num_statements": 20, "percent_covered": 0.0, "percent_covered_display": "0", "missing_lines": 20, "excluded_lines": 0}, "missing_lines": [493, 495, 496, 497, 501, 512, 513, 519, 528, 529, 531, 532, 533, 550, 552, 560, 561, 562, 563, 566], "excluded_lines": []}, "": {"executed_lines": [1, 6, 8, 9, 10, 12, 13, 14, 15, 16, 17, 19, 20, 23, 24, 27, 30, 31, 32, 33, 36, 37, 38, 39, 40, 43, 44, 45, 46, 47, 48, 49, 52, 53, 54, 55, 56, 59, 60, 61, 62, 63, 64, 65, 66, 67, 68, 71, 72, 73, 74, 77, 78, 220, 221, 313, 314, 386, 387, 480, 481], "summary": {"covered_lines": 60, "num_statements": 60, "percent_covered": 100.0, "percent_covered_display": "100", "missing_lines": 0, "excluded_lines": 0}, "missing_lines": [], "excluded_lines": []}}, "classes": {"ItineraryType": {"executed_lines": [], "summary": {"covered_lines": 0, "num_statements": 0, "percent_covered": 100.0, "percent_covered_display": "100", "missing_lines": 0, "excluded_lines": 0}, "missing_lines": [], "excluded_lines": []}, "ItineraryRequest": {"executed_lines": [], "summary": {"covered_lines": 0, "num_statements": 0, "percent_covered": 100.0, "percent_covered_display": "100", "missing_lines": 0, "excluded_lines": 0}, "missing_lines": [], "excluded_lines": []}, "ItineraryCustomization": {"executed_lines": [], "summary": {"covered_lines": 0, "num_statements": 0, "percent_covered": 100.0, "percent_covered_display": "100", "missing_lines": 0, "excluded_lines": 0}, "missing_lines": [], "excluded_lines": []}, "ItineraryDay": {"executed_lines": [], "summary": {"covered_lines": 0, "num_statements": 0, "percent_covered": 100.0, "percent_covered_display": "100", "missing_lines": 0, "excluded_lines": 0}, "missing_lines": [], "excluded_lines": []}, "GeneratedItinerary": {"executed_lines": [], "summary": {"covered_lines": 0, "num_statements": 0, "percent_covered": 100.0, "percent_covered_display": "100", "missing_lines": 0, "excluded_lines": 0}, "missing_lines": [], "excluded_lines": []}, "ItineraryResponse": {"executed_lines": [], "summary": {"covered_lines": 0, "num_statements": 0, "percent_covered": 100.0, "percent_covered_display": "100", "missing_lines": 0, "excluded_lines": 0}, "missing_lines": [], "excluded_lines": []}, "": {"executed_lines": [1, 6, 8, 9, 10, 12, 13, 14, 15, 16, 17, 19, 20, 23, 24, 27, 30, 31, 32, 33, 36, 37, 38, 39, 40, 43, 44, 45, 46, 47, 48, 49, 52, 53, 54, 55, 56, 59, 60, 61, 62, 63, 64, 65, 66, 67, 68, 71, 72, 73, 74, 77, 78, 220, 221, 313, 314, 386, 387, 480, 481], "summary": {"covered_lines": 60, "num_statements": 169, "percent_covered": 35.50295857988166, "percent_covered_display": "36", "missing_lines": 109, "excluded_lines": 0}, "missing_lines": [87, 89, 90, 91, 96, 107, 108, 114, 115, 117, 120, 121, 122, 123, 138, 141, 142, 143, 144, 146, 151, 152, 154, 155, 158, 159, 166, 169, 180, 199, 206, 207, 209, 210, 211, 212, 214, 231, 233, 234, 235, 239, 250, 251, 257, 265, 268, 271, 292, 299, 300, 302, 303, 304, 305, 307, 331, 333, 334, 335, 339, 350, 351, 357, 366, 367, 369, 375, 376, 377, 378, 380, 399, 401, 402, 403, 407, 418, 419, 425, 435, 438, 441, 461, 469, 470, 471, 472, 474, 493, 495, 496, 497, 501, 512, 513, 519, 528, 529, 531, 532, 533, 550, 552, 560, 561, 562, 563, 566], "excluded_lines": []}}}, "app/api/llm_analytics.py": {"executed_lines": [1, 6, 8, 9, 10, 11, 15, 17, 18, 21, 22, 60, 61, 101, 102, 136, 137], "summary": {"covered_lines": 16, "num_statements": 58, "percent_covered": 27.586206896551722, "percent_covered_display": "28", "missing_lines": 42, "excluded_lines": 0}, "missing_lines": [28, 30, 33, 35, 52, 53, 54, 68, 70, 71, 72, 75, 78, 80, 93, 94, 95, 108, 110, 111, 112, 115, 117, 128, 129, 130, 144, 146, 147, 148, 156, 163, 164, 168, 169, 177, 189, 190, 191, 196, 197, 198], "excluded_lines": [], "functions": {"get_llm_health": {"executed_lines": [], "summary": {"covered_lines": 0, "num_statements": 7, "percent_covered": 0.0, "percent_covered_display": "0", "missing_lines": 7, "excluded_lines": 0}, "missing_lines": [28, 30, 33, 35, 52, 53, 54], "excluded_lines": []}, "get_llm_analytics": {"executed_lines": [], "summary": {"covered_lines": 0, "num_statements": 10, "percent_covered": 0.0, "percent_covered_display": "0", "missing_lines": 10, "excluded_lines": 0}, "missing_lines": [68, 70, 71, 72, 75, 78, 80, 93, 94, 95], "excluded_lines": []}, "get_budget_status": {"executed_lines": [], "summary": {"covered_lines": 0, "num_statements": 9, "percent_covered": 0.0, "percent_covered_display": "0", "missing_lines": 9, "excluded_lines": 0}, "missing_lines": [108, 110, 111, 112, 115, 117, 128, 129, 130], "excluded_lines": []}, "test_llm_generation": {"executed_lines": [], "summary": {"covered_lines": 0, "num_statements": 16, "percent_covered": 0.0, "percent_covered_display": "0", "missing_lines": 16, "excluded_lines": 0}, "missing_lines": [144, 146, 147, 148, 156, 163, 164, 168, 169, 177, 189, 190, 191, 196, 197, 198], "excluded_lines": []}, "": {"executed_lines": [1, 6, 8, 9, 10, 11, 15, 17, 18, 21, 22, 60, 61, 101, 102, 136, 137], "summary": {"covered_lines": 16, "num_statements": 16, "percent_covered": 100.0, "percent_covered_display": "100", "missing_lines": 0, "excluded_lines": 0}, "missing_lines": [], "excluded_lines": []}}, "classes": {"": {"executed_lines": [1, 6, 8, 9, 10, 11, 15, 17, 18, 21, 22, 60, 61, 101, 102, 136, 137], "summary": {"covered_lines": 16, "num_statements": 58, "percent_covered": 27.586206896551722, "percent_covered_display": "28", "missing_lines": 42, "excluded_lines": 0}, "missing_lines": [28, 30, 33, 35, 52, 53, 54, 68, 70, 71, 72, 75, 78, 80, 93, 94, 95, 108, 110, 111, 112, 115, 117, 128, 129, 130, 144, 146, 147, 148, 156, 163, 164, 168, 169, 177, 189, 190, 191, 196, 197, 198], "excluded_lines": []}}}, "app/api/maps.py": {"executed_lines": [1, 6, 7, 9, 10, 11, 12, 13, 15, 17, 20, 21, 23, 26, 27, 29, 30, 31, 32, 33, 36, 37, 39, 40, 41, 42, 43, 44, 45, 46, 47, 48, 49, 52, 53, 55, 56, 57, 59, 60, 64, 65, 67, 68, 69, 70, 71, 74, 75, 77, 78, 79, 80, 81, 82, 85, 86, 88, 89, 91, 92, 95, 106, 123, 124, 155, 156, 191, 192, 251, 252, 293, 294, 324, 325, 367, 368], "summary": {"covered_lines": 69, "num_statements": 130, "percent_covered": 53.07692307692308, "percent_covered_display": "53", "missing_lines": 61, "excluded_lines": 0}, "missing_lines": [97, 108, 139, 140, 142, 143, 148, 150, 151, 152, 173, 174, 176, 177, 182, 184, 185, 186, 207, 208, 216, 217, 223, 235, 244, 245, 248, 267, 269, 270, 271, 279, 286, 288, 289, 290, 309, 310, 312, 313, 316, 318, 319, 320, 347, 348, 349, 351, 355, 356, 359, 361, 362, 363, 387, 388, 390, 394, 396, 397, 398], "excluded_lines": [], "functions": {"_convert_location_to_response": {"executed_lines": [], "summary": {"covered_lines": 0, "num_statements": 1, "percent_covered": 0.0, "percent_covered_display": "0", "missing_lines": 1, "excluded_lines": 0}, "missing_lines": [97], "excluded_lines": []}, "_convert_place_to_response": {"executed_lines": [], "summary": {"covered_lines": 0, "num_statements": 1, "percent_covered": 0.0, "percent_covered_display": "0", "missing_lines": 1, "excluded_lines": 0}, "missing_lines": [108], "excluded_lines": []}, "geocode_address": {"executed_lines": [], "summary": {"covered_lines": 0, "num_statements": 8, "percent_covered": 0.0, "percent_covered_display": "0", "missing_lines": 8, "excluded_lines": 0}, "missing_lines": [139, 140, 142, 143, 148, 150, 151, 152], "excluded_lines": []}, "reverse_geocode_coordinates": {"executed_lines": [], "summary": {"covered_lines": 0, "num_statements": 8, "percent_covered": 0.0, "percent_covered_display": "0", "missing_lines": 8, "excluded_lines": 0}, "missing_lines": [173, 174, 176, 177, 182, 184, 185, 186], "excluded_lines": []}, "get_route": {"executed_lines": [], "summary": {"covered_lines": 0, "num_statements": 9, "percent_covered": 0.0, "percent_covered_display": "0", "missing_lines": 9, "excluded_lines": 0}, "missing_lines": [207, 208, 216, 217, 223, 235, 244, 245, 248], "excluded_lines": []}, "search_places": {"executed_lines": [], "summary": {"covered_lines": 0, "num_statements": 9, "percent_covered": 0.0, "percent_covered_display": "0", "missing_lines": 9, "excluded_lines": 0}, "missing_lines": [267, 269, 270, 271, 279, 286, 288, 289, 290], "excluded_lines": []}, "get_place_details": {"executed_lines": [], "summary": {"covered_lines": 0, "num_statements": 8, "percent_covered": 0.0, "percent_covered_display": "0", "missing_lines": 8, "excluded_lines": 0}, "missing_lines": [309, 310, 312, 313, 316, 318, 319, 320], "excluded_lines": []}, "get_distance_matrix": {"executed_lines": [], "summary": {"covered_lines": 0, "num_statements": 10, "percent_covered": 0.0, "percent_covered_display": "0", "missing_lines": 10, "excluded_lines": 0}, "missing_lines": [347, 348, 349, 351, 355, 356, 359, 361, 362, 363], "excluded_lines": []}, "find_nearby_attractions": {"executed_lines": [], "summary": {"covered_lines": 0, "num_statements": 7, "percent_covered": 0.0, "percent_covered_display": "0", "missing_lines": 7, "excluded_lines": 0}, "missing_lines": [387, 388, 390, 394, 396, 397, 398], "excluded_lines": []}, "": {"executed_lines": [1, 6, 7, 9, 10, 11, 12, 13, 15, 17, 20, 21, 23, 26, 27, 29, 30, 31, 32, 33, 36, 37, 39, 40, 41, 42, 43, 44, 45, 46, 47, 48, 49, 52, 53, 55, 56, 57, 59, 60, 64, 65, 67, 68, 69, 70, 71, 74, 75, 77, 78, 79, 80, 81, 82, 85, 86, 88, 89, 91, 92, 95, 106, 123, 124, 155, 156, 191, 192, 251, 252, 293, 294, 324, 325, 367, 368], "summary": {"covered_lines": 69, "num_statements": 69, "percent_covered": 100.0, "percent_covered_display": "100", "missing_lines": 0, "excluded_lines": 0}, "missing_lines": [], "excluded_lines": []}}, "classes": {"LocationRequest": {"executed_lines": [], "summary": {"covered_lines": 0, "num_statements": 0, "percent_covered": 100.0, "percent_covered_display": "100", "missing_lines": 0, "excluded_lines": 0}, "missing_lines": [], "excluded_lines": []}, "LocationResponse": {"executed_lines": [], "summary": {"covered_lines": 0, "num_statements": 0, "percent_covered": 100.0, "percent_covered_display": "100", "missing_lines": 0, "excluded_lines": 0}, "missing_lines": [], "excluded_lines": []}, "PlaceResponse": {"executed_lines": [], "summary": {"covered_lines": 0, "num_statements": 0, "percent_covered": 100.0, "percent_covered_display": "100", "missing_lines": 0, "excluded_lines": 0}, "missing_lines": [], "excluded_lines": []}, "RouteRequest": {"executed_lines": [], "summary": {"covered_lines": 0, "num_statements": 0, "percent_covered": 100.0, "percent_covered_display": "100", "missing_lines": 0, "excluded_lines": 0}, "missing_lines": [], "excluded_lines": []}, "RouteStepResponse": {"executed_lines": [], "summary": {"covered_lines": 0, "num_statements": 0, "percent_covered": 100.0, "percent_covered_display": "100", "missing_lines": 0, "excluded_lines": 0}, "missing_lines": [], "excluded_lines": []}, "RouteResponse": {"executed_lines": [], "summary": {"covered_lines": 0, "num_statements": 0, "percent_covered": 100.0, "percent_covered_display": "100", "missing_lines": 0, "excluded_lines": 0}, "missing_lines": [], "excluded_lines": []}, "PlaceSearchRequest": {"executed_lines": [], "summary": {"covered_lines": 0, "num_statements": 0, "percent_covered": 100.0, "percent_covered_display": "100", "missing_lines": 0, "excluded_lines": 0}, "missing_lines": [], "excluded_lines": []}, "": {"executed_lines": [1, 6, 7, 9, 10, 11, 12, 13, 15, 17, 20, 21, 23, 26, 27, 29, 30, 31, 32, 33, 36, 37, 39, 40, 41, 42, 43, 44, 45, 46, 47, 48, 49, 52, 53, 55, 56, 57, 59, 60, 64, 65, 67, 68, 69, 70, 71, 74, 75, 77, 78, 79, 80, 81, 82, 85, 86, 88, 89, 91, 92, 95, 106, 123, 124, 155, 156, 191, 192, 251, 252, 293, 294, 324, 325, 367, 368], "summary": {"covered_lines": 69, "num_statements": 130, "percent_covered": 53.07692307692308, "percent_covered_display": "53", "missing_lines": 61, "excluded_lines": 0}, "missing_lines": [97, 108, 139, 140, 142, 143, 148, 150, 151, 152, 173, 174, 176, 177, 182, 184, 185, 186, 207, 208, 216, 217, 223, 235, 244, 245, 248, 267, 269, 270, 271, 279, 286, 288, 289, 290, 309, 310, 312, 313, 316, 318, 319, 320, 347, 348, 349, 351, 355, 356, 359, 361, 362, 363, 387, 388, 390, 394, 396, 397, 398], "excluded_lines": []}}}, "app/api/notifications.py": {"executed_lines": [1, 5, 6, 8, 9, 10, 11, 17, 18, 20, 23, 24, 42, 43, 56, 57, 75, 76, 94, 95, 117, 118, 134, 135, 157, 158], "summary": {"covered_lines": 25, "num_statements": 59, "percent_covered": 42.3728813559322, "percent_covered_display": "42", "missing_lines": 34, "excluded_lines": 0}, "missing_lines": [33, 35, 39, 49, 51, 53, 65, 67, 68, 69, 70, 71, 84, 86, 87, 88, 89, 90, 103, 105, 109, 110, 114, 125, 127, 131, 143, 145, 149, 150, 154, 165, 167, 169], "excluded_lines": [], "functions": {"get_notifications": {"executed_lines": [], "summary": {"covered_lines": 0, "num_statements": 3, "percent_covered": 0.0, "percent_covered_display": "0", "missing_lines": 3, "excluded_lines": 0}, "missing_lines": [33, 35, 39], "excluded_lines": []}, "get_unread_count": {"executed_lines": [], "summary": {"covered_lines": 0, "num_statements": 3, "percent_covered": 0.0, "percent_covered_display": "0", "missing_lines": 3, "excluded_lines": 0}, "missing_lines": [49, 51, 53], "excluded_lines": []}, "create_notification": {"executed_lines": [], "summary": {"covered_lines": 0, "num_statements": 6, "percent_covered": 0.0, "percent_covered_display": "0", "missing_lines": 6, "excluded_lines": 0}, "missing_lines": [65, 67, 68, 69, 70, 71], "excluded_lines": []}, "create_bulk_notifications": {"executed_lines": [], "summary": {"covered_lines": 0, "num_statements": 6, "percent_covered": 0.0, "percent_covered_display": "0", "missing_lines": 6, "excluded_lines": 0}, "missing_lines": [84, 86, 87, 88, 89, 90], "excluded_lines": []}, "mark_notification_read": {"executed_lines": [], "summary": {"covered_lines": 0, "num_statements": 5, "percent_covered": 0.0, "percent_covered_display": "0", "missing_lines": 5, "excluded_lines": 0}, "missing_lines": [103, 105, 109, 110, 114], "excluded_lines": []}, "mark_all_notifications_read": {"executed_lines": [], "summary": {"covered_lines": 0, "num_statements": 3, "percent_covered": 0.0, "percent_covered_display": "0", "missing_lines": 3, "excluded_lines": 0}, "missing_lines": [125, 127, 131], "excluded_lines": []}, "delete_notification": {"executed_lines": [], "summary": {"covered_lines": 0, "num_statements": 5, "percent_covered": 0.0, "percent_covered_display": "0", "missing_lines": 5, "excluded_lines": 0}, "missing_lines": [143, 145, 149, 150, 154], "excluded_lines": []}, "cleanup_expired_notifications": {"executed_lines": [], "summary": {"covered_lines": 0, "num_statements": 3, "percent_covered": 0.0, "percent_covered_display": "0", "missing_lines": 3, "excluded_lines": 0}, "missing_lines": [165, 167, 169], "excluded_lines": []}, "": {"executed_lines": [1, 5, 6, 8, 9, 10, 11, 17, 18, 20, 23, 24, 42, 43, 56, 57, 75, 76, 94, 95, 117, 118, 134, 135, 157, 158], "summary": {"covered_lines": 25, "num_statements": 25, "percent_covered": 100.0, "percent_covered_display": "100", "missing_lines": 0, "excluded_lines": 0}, "missing_lines": [], "excluded_lines": []}}, "classes": {"": {"executed_lines": [1, 5, 6, 8, 9, 10, 11, 17, 18, 20, 23, 24, 42, 43, 56, 57, 75, 76, 94, 95, 117, 118, 134, 135, 157, 158], "summary": {"covered_lines": 25, "num_statements": 59, "percent_covered": 42.3728813559322, "percent_covered_display": "42", "missing_lines": 34, "excluded_lines": 0}, "missing_lines": [33, 35, 39, 49, 51, 53, 65, 67, 68, 69, 70, 71, 84, 86, 87, 88, 89, 90, 103, 105, 109, 110, 114, 125, 127, 131, 143, 145, 149, 150, 154, 165, 167, 169], "excluded_lines": []}}}, "app/api/pdf.py": {"executed_lines": [0], "summary": {"covered_lines": 0, "num_statements": 0, "percent_covered": 100.0, "percent_covered_display": "100", "missing_lines": 0, "excluded_lines": 0}, "missing_lines": [], "excluded_lines": [], "functions": {"": {"executed_lines": [], "summary": {"covered_lines": 0, "num_statements": 0, "percent_covered": 100.0, "percent_covered_display": "100", "missing_lines": 0, "excluded_lines": 0}, "missing_lines": [], "excluded_lines": []}}, "classes": {"": {"executed_lines": [], "summary": {"covered_lines": 0, "num_statements": 0, "percent_covered": 100.0, "percent_covered_display": "100", "missing_lines": 0, "excluded_lines": 0}, "missing_lines": [], "excluded_lines": []}}}, "app/api/polls.py": {"executed_lines": [1, 5, 6, 7, 9, 10, 11, 12, 13, 14, 15, 16, 18, 20, 23, 24, 26, 27, 29, 31, 35, 36, 38, 40, 42, 44, 47, 49, 54, 55, 57, 58, 61, 64, 65, 67, 70, 71, 122, 123, 142, 143, 177, 178, 215, 216, 248, 249, 298, 299, 332, 333, 399, 400], "summary": {"covered_lines": 49, "num_statements": 143, "percent_covered": 34.26573426573427, "percent_covered_display": "34", "missing_lines": 94, "excluded_lines": 0}, "missing_lines": [77, 79, 80, 81, 90, 92, 103, 104, 110, 114, 115, 116, 117, 118, 129, 130, 134, 136, 137, 138, 149, 150, 154, 155, 165, 169, 170, 171, 172, 173, 185, 186, 193, 194, 203, 207, 208, 209, 210, 211, 222, 223, 227, 228, 237, 241, 242, 243, 244, 245, 258, 259, 262, 263, 264, 270, 272, 273, 275, 276, 280, 281, 282, 284, 290, 291, 292, 293, 294, 301, 302, 304, 305, 316, 324, 326, 327, 328, 339, 340, 343, 345, 346, 348, 349, 354, 357, 389, 391, 392, 393, 394, 395, 402], "excluded_lines": [], "functions": {"create_poll": {"executed_lines": [], "summary": {"covered_lines": 0, "num_statements": 14, "percent_covered": 0.0, "percent_covered_display": "0", "missing_lines": 14, "excluded_lines": 0}, "missing_lines": [77, 79, 80, 81, 90, 92, 103, 104, 110, 114, 115, 116, 117, 118], "excluded_lines": []}, "get_trip_polls": {"executed_lines": [], "summary": {"covered_lines": 0, "num_statements": 6, "percent_covered": 0.0, "percent_covered_display": "0", "missing_lines": 6, "excluded_lines": 0}, "missing_lines": [129, 130, 134, 136, 137, 138], "excluded_lines": []}, "get_poll_details": {"executed_lines": [], "summary": {"covered_lines": 0, "num_statements": 10, "percent_covered": 0.0, "percent_covered_display": "0", "missing_lines": 10, "excluded_lines": 0}, "missing_lines": [149, 150, 154, 155, 165, 169, 170, 171, 172, 173], "excluded_lines": []}, "submit_poll_response": {"executed_lines": [], "summary": {"covered_lines": 0, "num_statements": 10, "percent_covered": 0.0, "percent_covered_display": "0", "missing_lines": 10, "excluded_lines": 0}, "missing_lines": [185, 186, 193, 194, 203, 207, 208, 209, 210, 211], "excluded_lines": []}, "get_poll_results": {"executed_lines": [], "summary": {"covered_lines": 0, "num_statements": 10, "percent_covered": 0.0, "percent_covered_display": "0", "missing_lines": 10, "excluded_lines": 0}, "missing_lines": [222, 223, 227, 228, 237, 241, 242, 243, 244, 245], "excluded_lines": []}, "update_poll_status": {"executed_lines": [], "summary": {"covered_lines": 0, "num_statements": 19, "percent_covered": 0.0, "percent_covered_display": "0", "missing_lines": 19, "excluded_lines": 0}, "missing_lines": [258, 259, 262, 263, 264, 270, 272, 273, 275, 276, 280, 281, 282, 284, 290, 291, 292, 293, 294], "excluded_lines": []}, "get_available_poll_types": {"executed_lines": [], "summary": {"covered_lines": 0, "num_statements": 9, "percent_covered": 0.0, "percent_covered_display": "0", "missing_lines": 9, "excluded_lines": 0}, "missing_lines": [301, 302, 304, 305, 316, 324, 326, 327, 328], "excluded_lines": []}, "get_poll_analytics": {"executed_lines": [], "summary": {"covered_lines": 0, "num_statements": 15, "percent_covered": 0.0, "percent_covered_display": "0", "missing_lines": 15, "excluded_lines": 0}, "missing_lines": [339, 340, 343, 345, 346, 348, 349, 354, 357, 389, 391, 392, 393, 394, 395], "excluded_lines": []}, "polls_health": {"executed_lines": [], "summary": {"covered_lines": 0, "num_statements": 1, "percent_covered": 0.0, "percent_covered_display": "0", "missing_lines": 1, "excluded_lines": 0}, "missing_lines": [402], "excluded_lines": []}, "": {"executed_lines": [1, 5, 6, 7, 9, 10, 11, 12, 13, 14, 15, 16, 18, 20, 23, 24, 26, 27, 29, 31, 35, 36, 38, 40, 42, 44, 47, 49, 54, 55, 57, 58, 61, 64, 65, 67, 70, 71, 122, 123, 142, 143, 177, 178, 215, 216, 248, 249, 298, 299, 332, 333, 399, 400], "summary": {"covered_lines": 49, "num_statements": 49, "percent_covered": 100.0, "percent_covered_display": "100", "missing_lines": 0, "excluded_lines": 0}, "missing_lines": [], "excluded_lines": []}}, "classes": {"PollOption": {"executed_lines": [], "summary": {"covered_lines": 0, "num_statements": 0, "percent_covered": 100.0, "percent_covered_display": "100", "missing_lines": 0, "excluded_lines": 0}, "missing_lines": [], "excluded_lines": []}, "CreatePollRequest": {"executed_lines": [], "summary": {"covered_lines": 0, "num_statements": 0, "percent_covered": 100.0, "percent_covered_display": "100", "missing_lines": 0, "excluded_lines": 0}, "missing_lines": [], "excluded_lines": []}, "PollResponse": {"executed_lines": [], "summary": {"covered_lines": 0, "num_statements": 0, "percent_covered": 100.0, "percent_covered_display": "100", "missing_lines": 0, "excluded_lines": 0}, "missing_lines": [], "excluded_lines": []}, "SubmitResponseRequest": {"executed_lines": [], "summary": {"covered_lines": 0, "num_statements": 0, "percent_covered": 100.0, "percent_covered_display": "100", "missing_lines": 0, "excluded_lines": 0}, "missing_lines": [], "excluded_lines": []}, "": {"executed_lines": [1, 5, 6, 7, 9, 10, 11, 12, 13, 14, 15, 16, 18, 20, 23, 24, 26, 27, 29, 31, 35, 36, 38, 40, 42, 44, 47, 49, 54, 55, 57, 58, 61, 64, 65, 67, 70, 71, 122, 123, 142, 143, 177, 178, 215, 216, 248, 249, 298, 299, 332, 333, 399, 400], "summary": {"covered_lines": 49, "num_statements": 143, "percent_covered": 34.26573426573427, "percent_covered_display": "34", "missing_lines": 94, "excluded_lines": 0}, "missing_lines": [77, 79, 80, 81, 90, 92, 103, 104, 110, 114, 115, 116, 117, 118, 129, 130, 134, 136, 137, 138, 149, 150, 154, 155, 165, 169, 170, 171, 172, 173, 185, 186, 193, 194, 203, 207, 208, 209, 210, 211, 222, 223, 227, 228, 237, 241, 242, 243, 244, 245, 258, 259, 262, 263, 264, 270, 272, 273, 275, 276, 280, 281, 282, 284, 290, 291, 292, 293, 294, 301, 302, 304, 305, 316, 324, 326, 327, 328, 339, 340, 343, 345, 346, 348, 349, 354, 357, 389, 391, 392, 393, 394, 395, 402], "excluded_lines": []}}}, "app/api/reservations.py": {"executed_lines": [1, 6, 7, 8, 10, 11, 12, 14, 15, 16, 17, 18, 20, 21, 25, 28, 29, 30, 31, 32, 35, 36, 37, 38, 39, 42, 43, 44, 45, 46, 47, 48, 49, 50, 51, 52, 53, 54, 55, 56, 57, 58, 59, 60, 63, 64, 65, 66, 67, 68, 69, 70, 71, 72, 73, 74, 75, 76, 77, 78, 79, 80, 83, 84, 85, 86, 87, 88, 89, 90, 91, 92, 93, 94, 95, 96, 97, 98, 99, 100, 101, 102, 103, 104, 105, 106, 107, 109, 110, 114, 115, 124, 127, 221, 222, 375, 376, 455, 456, 559, 560, 626, 627, 742, 745], "summary": {"covered_lines": 104, "num_statements": 258, "percent_covered": 40.310077519379846, "percent_covered_display": "40", "missing_lines": 154, "excluded_lines": 0}, "missing_lines": [116, 117, 118, 119, 120, 121, 135, 137, 139, 140, 145, 156, 157, 163, 164, 165, 171, 172, 178, 179, 190, 191, 192, 194, 202, 203, 205, 209, 211, 212, 213, 214, 215, 243, 245, 246, 247, 251, 262, 263, 269, 337, 339, 340, 344, 345, 349, 350, 354, 355, 360, 362, 364, 365, 366, 367, 369, 383, 385, 419, 421, 422, 426, 437, 438, 443, 445, 446, 447, 448, 449, 465, 467, 501, 503, 504, 508, 519, 520, 526, 527, 528, 531, 532, 533, 534, 541, 542, 544, 547, 549, 550, 551, 552, 553, 568, 570, 577, 579, 580, 584, 595, 596, 602, 606, 612, 615, 616, 617, 618, 620, 636, 638, 669, 671, 672, 676, 687, 688, 694, 695, 700, 706, 707, 708, 716, 718, 722, 724, 728, 730, 731, 732, 733, 736, 754, 756, 792, 794, 795, 799, 810, 811, 817, 821, 823, 827, 829, 833, 835, 836, 837, 838, 841], "excluded_lines": [], "functions": {"Reservation.__init__": {"executed_lines": [], "summary": {"covered_lines": 0, "num_statements": 6, "percent_covered": 0.0, "percent_covered_display": "0", "missing_lines": 6, "excluded_lines": 0}, "missing_lines": [116, 117, 118, 119, 120, 121], "excluded_lines": []}, "create_reservation": {"executed_lines": [], "summary": {"covered_lines": 0, "num_statements": 27, "percent_covered": 0.0, "percent_covered_display": "0", "missing_lines": 27, "excluded_lines": 0}, "missing_lines": [135, 137, 139, 140, 145, 156, 157, 163, 164, 165, 171, 172, 178, 179, 190, 191, 192, 194, 202, 203, 205, 209, 211, 212, 213, 214, 215], "excluded_lines": []}, "get_trip_reservations": {"executed_lines": [], "summary": {"covered_lines": 0, "num_statements": 24, "percent_covered": 0.0, "percent_covered_display": "0", "missing_lines": 24, "excluded_lines": 0}, "missing_lines": [243, 245, 246, 247, 251, 262, 263, 269, 337, 339, 340, 344, 345, 349, 350, 354, 355, 360, 362, 364, 365, 366, 367, 369], "excluded_lines": []}, "get_reservation": {"executed_lines": [], "summary": {"covered_lines": 0, "num_statements": 14, "percent_covered": 0.0, "percent_covered_display": "0", "missing_lines": 14, "excluded_lines": 0}, "missing_lines": [383, 385, 419, 421, 422, 426, 437, 438, 443, 445, 446, 447, 448, 449], "excluded_lines": []}, "update_reservation": {"executed_lines": [], "summary": {"covered_lines": 0, "num_statements": 24, "percent_covered": 0.0, "percent_covered_display": "0", "missing_lines": 24, "excluded_lines": 0}, "missing_lines": [465, 467, 501, 503, 504, 508, 519, 520, 526, 527, 528, 531, 532, 533, 534, 541, 542, 544, 547, 549, 550, 551, 552, 553], "excluded_lines": []}, "cancel_reservation": {"executed_lines": [], "summary": {"covered_lines": 0, "num_statements": 16, "percent_covered": 0.0, "percent_covered_display": "0", "missing_lines": 16, "excluded_lines": 0}, "missing_lines": [568, 570, 577, 579, 580, 584, 595, 596, 602, 606, 612, 615, 616, 617, 618, 620], "excluded_lines": []}, "add_participants": {"executed_lines": [], "summary": {"covered_lines": 0, "num_statements": 24, "percent_covered": 0.0, "percent_covered_display": "0", "missing_lines": 24, "excluded_lines": 0}, "missing_lines": [636, 638, 669, 671, 672, 676, 687, 688, 694, 695, 700, 706, 707, 708, 716, 718, 722, 724, 728, 730, 731, 732, 733, 736], "excluded_lines": []}, "remove_participant": {"executed_lines": [], "summary": {"covered_lines": 0, "num_statements": 19, "percent_covered": 0.0, "percent_covered_display": "0", "missing_lines": 19, "excluded_lines": 0}, "missing_lines": [754, 756, 792, 794, 795, 799, 810, 811, 817, 821, 823, 827, 829, 833, 835, 836, 837, 838, 841], "excluded_lines": []}, "": {"executed_lines": [1, 6, 7, 8, 10, 11, 12, 14, 15, 16, 17, 18, 20, 21, 25, 28, 29, 30, 31, 32, 35, 36, 37, 38, 39, 42, 43, 44, 45, 46, 47, 48, 49, 50, 51, 52, 53, 54, 55, 56, 57, 58, 59, 60, 63, 64, 65, 66, 67, 68, 69, 70, 71, 72, 73, 74, 75, 76, 77, 78, 79, 80, 83, 84, 85, 86, 87, 88, 89, 90, 91, 92, 93, 94, 95, 96, 97, 98, 99, 100, 101, 102, 103, 104, 105, 106, 107, 109, 110, 114, 115, 124, 127, 221, 222, 375, 376, 455, 456, 559, 560, 626, 627, 742, 745], "summary": {"covered_lines": 104, "num_statements": 104, "percent_covered": 100.0, "percent_covered_display": "100", "missing_lines": 0, "excluded_lines": 0}, "missing_lines": [], "excluded_lines": []}}, "classes": {"ReservationType": {"executed_lines": [], "summary": {"covered_lines": 0, "num_statements": 0, "percent_covered": 100.0, "percent_covered_display": "100", "missing_lines": 0, "excluded_lines": 0}, "missing_lines": [], "excluded_lines": []}, "ReservationStatus": {"executed_lines": [], "summary": {"covered_lines": 0, "num_statements": 0, "percent_covered": 100.0, "percent_covered_display": "100", "missing_lines": 0, "excluded_lines": 0}, "missing_lines": [], "excluded_lines": []}, "ReservationCreate": {"executed_lines": [], "summary": {"covered_lines": 0, "num_statements": 0, "percent_covered": 100.0, "percent_covered_display": "100", "missing_lines": 0, "excluded_lines": 0}, "missing_lines": [], "excluded_lines": []}, "ReservationUpdate": {"executed_lines": [], "summary": {"covered_lines": 0, "num_statements": 0, "percent_covered": 100.0, "percent_covered_display": "100", "missing_lines": 0, "excluded_lines": 0}, "missing_lines": [], "excluded_lines": []}, "ReservationResponse": {"executed_lines": [], "summary": {"covered_lines": 0, "num_statements": 0, "percent_covered": 100.0, "percent_covered_display": "100", "missing_lines": 0, "excluded_lines": 0}, "missing_lines": [], "excluded_lines": []}, "ReservationResponse.Config": {"executed_lines": [], "summary": {"covered_lines": 0, "num_statements": 0, "percent_covered": 100.0, "percent_covered_display": "100", "missing_lines": 0, "excluded_lines": 0}, "missing_lines": [], "excluded_lines": []}, "Reservation": {"executed_lines": [], "summary": {"covered_lines": 0, "num_statements": 6, "percent_covered": 0.0, "percent_covered_display": "0", "missing_lines": 6, "excluded_lines": 0}, "missing_lines": [116, 117, 118, 119, 120, 121], "excluded_lines": []}, "": {"executed_lines": [1, 6, 7, 8, 10, 11, 12, 14, 15, 16, 17, 18, 20, 21, 25, 28, 29, 30, 31, 32, 35, 36, 37, 38, 39, 42, 43, 44, 45, 46, 47, 48, 49, 50, 51, 52, 53, 54, 55, 56, 57, 58, 59, 60, 63, 64, 65, 66, 67, 68, 69, 70, 71, 72, 73, 74, 75, 76, 77, 78, 79, 80, 83, 84, 85, 86, 87, 88, 89, 90, 91, 92, 93, 94, 95, 96, 97, 98, 99, 100, 101, 102, 103, 104, 105, 106, 107, 109, 110, 114, 115, 124, 127, 221, 222, 375, 376, 455, 456, 559, 560, 626, 627, 742, 745], "summary": {"covered_lines": 104, "num_statements": 252, "percent_covered": 41.26984126984127, "percent_covered_display": "41", "missing_lines": 148, "excluded_lines": 0}, "missing_lines": [135, 137, 139, 140, 145, 156, 157, 163, 164, 165, 171, 172, 178, 179, 190, 191, 192, 194, 202, 203, 205, 209, 211, 212, 213, 214, 215, 243, 245, 246, 247, 251, 262, 263, 269, 337, 339, 340, 344, 345, 349, 350, 354, 355, 360, 362, 364, 365, 366, 367, 369, 383, 385, 419, 421, 422, 426, 437, 438, 443, 445, 446, 447, 448, 449, 465, 467, 501, 503, 504, 508, 519, 520, 526, 527, 528, 531, 532, 533, 534, 541, 542, 544, 547, 549, 550, 551, 552, 553, 568, 570, 577, 579, 580, 584, 595, 596, 602, 606, 612, 615, 616, 617, 618, 620, 636, 638, 669, 671, 672, 676, 687, 688, 694, 695, 700, 706, 707, 708, 716, 718, 722, 724, 728, 730, 731, 732, 733, 736, 754, 756, 792, 794, 795, 799, 810, 811, 817, 821, 823, 827, 829, 833, 835, 836, 837, 838, 841], "excluded_lines": []}}}, "app/api/router.py": {"executed_lines": [1, 5, 6, 7, 8, 9, 10, 11, 12, 13, 14, 15, 16, 17, 18, 19, 20, 21, 22, 23, 24, 25, 27, 30, 31, 32, 34, 37, 40, 43, 44, 45, 48, 49, 51, 53, 54, 55, 56, 57, 58, 59, 60, 64, 65], "summary": {"covered_lines": 44, "num_statements": 45, "percent_covered": 97.77777777777777, "percent_covered_display": "98", "missing_lines": 1, "excluded_lines": 0}, "missing_lines": [67], "excluded_lines": [], "functions": {"root": {"executed_lines": [], "summary": {"covered_lines": 0, "num_statements": 1, "percent_covered": 0.0, "percent_covered_display": "0", "missing_lines": 1, "excluded_lines": 0}, "missing_lines": [67], "excluded_lines": []}, "": {"executed_lines": [1, 5, 6, 7, 8, 9, 10, 11, 12, 13, 14, 15, 16, 17, 18, 19, 20, 21, 22, 23, 24, 25, 27, 30, 31, 32, 34, 37, 40, 43, 44, 45, 48, 49, 51, 53, 54, 55, 56, 57, 58, 59, 60, 64, 65], "summary": {"covered_lines": 44, "num_statements": 44, "percent_covered": 100.0, "percent_covered_display": "100", "missing_lines": 0, "excluded_lines": 0}, "missing_lines": [], "excluded_lines": []}}, "classes": {"":
[...]
s": {"": {"executed_lines": [1, 5, 6, 7, 9, 10, 11, 12, 15, 16, 18, 19, 22, 25, 48, 146, 147, 164, 217, 218, 227], "summary": {"covered_lines": 20, "num_statements": 107, "percent_covered": 18.69158878504673, "percent_covered_display": "19", "missing_lines": 87, "excluded_lines": 0}, "missing_lines": [36, 37, 38, 39, 40, 42, 43, 45, 52, 53, 55, 56, 59, 60, 61, 64, 65, 68, 69, 70, 71, 73, 74, 75, 84, 86, 89, 90, 98, 99, 101, 102, 105, 108, 110, 120, 121, 127, 128, 131, 133, 143, 151, 152, 155, 156, 158, 159, 161, 166, 167, 168, 171, 172, 174, 175, 177, 178, 181, 186, 191, 193, 204, 210, 212, 213, 214, 220, 221, 222, 223, 224, 229, 230, 232, 233, 235, 236, 239, 250, 253, 254, 258, 260, 261, 262, 263], "excluded_lines": []}}}, "app/tasks/ai_tasks_alt.py": {"executed_lines": [], "summary": {"covered_lines": 0, "num_statements": 123, "percent_covered": 0.0, "percent_covered_display": "0", "missing_lines": 123, "excluded_lines": 0}, "missing_lines": [6, 7, 8, 9, 11, 12, 13, 14, 15, 18, 20, 21, 24, 33, 34, 36, 40, 42, 43, 44, 46, 49, 53, 54, 56, 57, 60, 61, 62, 65, 66, 69, 70, 71, 72, 74, 75, 76, 85, 87, 90, 91, 99, 100, 102, 103, 106, 109, 110, 112, 121, 122, 125, 126, 132, 133, 136, 137, 139, 148, 149, 153, 156, 160, 161, 169, 171, 172, 173, 176, 179, 181, 182, 183, 186, 187, 189, 190, 192, 193, 196, 201, 206, 207, 209, 219, 220, 224, 230, 232, 233, 234, 237, 239, 240, 241, 242, 243, 244, 245, 248, 250, 251, 253, 254, 256, 257, 260, 271, 274, 275, 279, 281, 283, 284, 285, 289, 291, 292, 296, 300, 305, 309], "excluded_lines": [], "functions": {"generate_itinerary_async": {"executed_lines": [], "summary": {"covered_lines": 0, "num_statements": 8, "percent_covered": 0.0, "percent_covered_display": "0", "missing_lines": 8, "excluded_lines": 0}, "missing_lines": [33, 34, 36, 40, 42, 43, 44, 46], "excluded_lines": []}, "_generate_itinerary_async": {"executed_lines": [], "summary": {"covered_lines": 0, "num_statements": 40, "percent_covered": 0.0, "percent_covered_display": "0", "missing_lines": 40, "excluded_lines": 0}, "missing_lines": [53, 54, 56, 57, 60, 61, 62, 65, 66, 69, 70, 71, 72, 74, 75, 76, 85, 87, 90, 91, 99, 100, 102, 103, 106, 109, 110, 112, 121, 122, 125, 126, 132, 133, 136, 137, 139, 148, 149, 153], "excluded_lines": []}, "optimize_itinerary_async": {"executed_lines": [], "summary": {"covered_lines": 0, "num_statements": 7, "percent_covered": 0.0, "percent_covered_display": "0", "missing_lines": 7, "excluded_lines": 0}, "missing_lines": [160, 161, 169, 171, 172, 173, 176], "excluded_lines": []}, "_optimize_itinerary_async": {"executed_lines": [], "summary": {"covered_lines": 0, "num_statements": 21, "percent_covered": 0.0, "percent_covered_display": "0", "missing_lines": 21, "excluded_lines": 0}, "missing_lines": [181, 182, 183, 186, 187, 189, 190, 192, 193, 196, 201, 206, 207, 209, 219, 220, 224, 230, 232, 233, 234], "excluded_lines": []}, "generate_daily_cost_report": {"executed_lines": [], "summary": {"covered_lines": 0, "num_statements": 7, "percent_covered": 0.0, "percent_covered_display": "0", "missing_lines": 7, "excluded_lines": 0}, "missing_lines": [239, 240, 241, 242, 243, 244, 245], "excluded_lines": []}, "_generate_daily_cost_report": {"executed_lines": [], "summary": {"covered_lines": 0, "num_statements": 15, "percent_covered": 0.0, "percent_covered_display": "0", "missing_lines": 15, "excluded_lines": 0}, "missing_lines": [250, 251, 253, 254, 256, 257, 260, 271, 274, 275, 279, 281, 283, 284, 285], "excluded_lines": []}, "register_task_processors": {"executed_lines": [], "summary": {"covered_lines": 0, "num_statements": 5, "percent_covered": 0.0, "percent_covered_display": "0", "missing_lines": 5, "excluded_lines": 0}, "missing_lines": [291, 292, 296, 300, 305], "excluded_lines": []}, "": {"executed_lines": [], "summary": {"covered_lines": 0, "num_statements": 20, "percent_covered": 0.0, "percent_covered_display": "0", "missing_lines": 20, "excluded_lines": 0}, "missing_lines": [6, 7, 8, 9, 11, 12, 13, 14, 15, 18, 20, 21, 24, 49, 156, 179, 237, 248, 289, 309], "excluded_lines": []}}, "classes": {"": {"executed_lines": [], "summary": {"covered_lines": 0, "num_statements": 123, "percent_covered": 0.0, "percent_covered_display": "0", "missing_lines": 123, "excluded_lines": 0}, "missing_lines": [6, 7, 8, 9, 11, 12, 13, 14, 15, 18, 20, 21, 24, 33, 34, 36, 40, 42, 43, 44, 46, 49, 53, 54, 56, 57, 60, 61, 62, 65, 66, 69, 70, 71, 72, 74, 75, 76, 85, 87, 90, 91, 99, 100, 102, 103, 106, 109, 110, 112, 121, 122, 125, 126, 132, 133, 136, 137, 139, 148, 149, 153, 156, 160, 161, 169, 171, 172, 173, 176, 179, 181, 182, 183, 186, 187, 189, 190, 192, 193, 196, 201, 206, 207, 209, 219, 220, 224, 230, 232, 233, 234, 237, 239, 240, 241, 242, 243, 244, 245, 248, 250, 251, 253, 254, 256, 257, 260, 271, 274, 275, 279, 281, 283, 284, 285, 289, 291, 292, 296, 300, 305, 309], "excluded_lines": []}}}, "app/tasks/export_tasks.py": {"executed_lines": [1, 5, 6, 8, 9, 10, 11, 12, 13, 14, 16, 19, 20, 174, 175, 252, 253], "summary": {"covered_lines": 16, "num_statements": 83, "percent_covered": 19.27710843373494, "percent_covered_display": "19", "missing_lines": 67, "excluded_lines": 0}, "missing_lines": [29, 30, 31, 33, 43, 44, 45, 48, 54, 55, 56, 59, 68, 70, 73, 75, 78, 84, 86, 87, 93, 95, 99, 101, 111, 129, 133, 143, 144, 149, 150, 161, 162, 166, 169, 171, 180, 181, 182, 191, 192, 194, 195, 197, 207, 211, 215, 216, 217, 223, 229, 233, 235, 245, 246, 247, 249, 256, 257, 258, 261, 263, 264, 266, 267, 268, 270], "excluded_lines": [], "functions": {"export_trip_data": {"executed_lines": [], "summary": {"covered_lines": 0, "num_statements": 2, "percent_covered": 0.0, "percent_covered_display": "0", "missing_lines": 2, "excluded_lines": 0}, "missing_lines": [29, 171], "excluded_lines": []}, "export_trip_data._export": {"executed_lines": [], "summary": {"covered_lines": 0, "num_statements": 34, "percent_covered": 0.0, "percent_covered_display": "0", "missing_lines": 34, "excluded_lines": 0}, "missing_lines": [30, 31, 33, 43, 44, 45, 48, 54, 55, 56, 59, 68, 70, 73, 75, 78, 84, 86, 87, 93, 95, 99, 101, 111, 129, 133, 143, 144, 149, 150, 161, 162, 166, 169], "excluded_lines": []}, "bulk_export_trips": {"executed_lines": [], "summary": {"covered_lines": 0, "num_statements": 2, "percent_covered": 0.0, "percent_covered_display": "0", "missing_lines": 2, "excluded_lines": 0}, "missing_lines": [180, 249], "excluded_lines": []}, "bulk_export_trips._bulk_export": {"executed_lines": [], "summary": {"covered_lines": 0, "num_statements": 19, "percent_covered": 0.0, "percent_covered_display": "0", "missing_lines": 19, "excluded_lines": 0}, "missing_lines": [181, 182, 191, 192, 194, 195, 197, 207, 211, 215, 216, 217, 223, 229, 233, 235, 245, 246, 247], "excluded_lines": []}, "cleanup_old_exports": {"executed_lines": [], "summary": {"covered_lines": 0, "num_statements": 2, "percent_covered": 0.0, "percent_covered_display": "0", "missing_lines": 2, "excluded_lines": 0}, "missing_lines": [256, 270], "excluded_lines": []}, "cleanup_old_exports._cleanup": {"executed_lines": [], "summary": {"covered_lines": 0, "num_statements": 8, "percent_covered": 0.0, "percent_covered_display": "0", "missing_lines": 8, "excluded_lines": 0}, "missing_lines": [257, 258, 261, 263, 264, 266, 267, 268], "excluded_lines": []}, "": {"executed_lines": [1, 5, 6, 8, 9, 10, 11, 12, 13, 14, 16, 19, 20, 174, 175, 252, 253], "summary": {"covered_lines": 16, "num_statements": 16, "percent_covered": 100.0, "percent_covered_display": "100", "missing_lines": 0, "excluded_lines": 0}, "missing_lines": [], "excluded_lines": []}}, "classes": {"": {"executed_lines": [1, 5, 6, 8, 9, 10, 11, 12, 13, 14, 16, 19, 20, 174, 175, 252, 253], "summary": {"covered_lines": 16, "num_statements": 83, "percent_covered": 19.27710843373494, "percent_covered_display": "19", "missing_lines": 67, "excluded_lines": 0}, "missing_lines": [29, 30, 31, 33, 43, 44, 45, 48, 54, 55, 56, 59, 68, 70, 73, 75, 78, 84, 86, 87, 93, 95, 99, 101, 111, 129, 133, 143, 144, 149, 150, 161, 162, 166, 169, 171, 180, 181, 182, 191, 192, 194, 195, 197, 207, 211, 215, 216, 217, 223, 229, 233, 235, 245, 246, 247, 249, 256, 257, 258, 261, 263, 264, 266, 267, 268, 270], "excluded_lines": []}}}, "app/tasks/notification_tasks.py": {"executed_lines": [1, 5, 6, 8, 9, 10, 11, 12, 13, 15, 18, 21, 87, 88, 120, 123, 207, 208], "summary": {"covered_lines": 17, "num_statements": 91, "percent_covered": 18.681318681318682, "percent_covered_display": "19", "missing_lines": 74, "excluded_lines": 0}, "missing_lines": [26, 27, 28, 29, 31, 41, 43, 47, 57, 61, 66, 70, 77, 78, 79, 82, 84, 91, 92, 93, 94, 97, 101, 104, 110, 111, 112, 115, 117, 128, 129, 130, 132, 141, 142, 144, 145, 147, 157, 159, 160, 163, 164, 167, 168, 172, 173, 175, 179, 180, 181, 185, 187, 191, 200, 201, 202, 204, 211, 212, 213, 214, 216, 217, 223, 224, 231, 233, 235, 241, 242, 243, 246, 248], "excluded_lines": [], "functions": {"send_bulk_notifications": {"executed_lines": [], "summary": {"covered_lines": 0, "num_statements": 2, "percent_covered": 0.0, "percent_covered_display": "0", "missing_lines": 2, "excluded_lines": 0}, "missing_lines": [26, 84], "excluded_lines": []}, "send_bulk_notifications._send_bulk": {"executed_lines": [], "summary": {"covered_lines": 0, "num_statements": 15, "percent_covered": 0.0, "percent_covered_display": "0", "missing_lines": 15, "excluded_lines": 0}, "missing_lines": [27, 28, 29, 31, 41, 43, 47, 57, 61, 66, 70, 77, 78, 79, 82], "excluded_lines": []}, "cleanup_expired_notifications": {"executed_lines": [], "summary": {"covered_lines": 0, "num_statements": 2, "percent_covered": 0.0, "percent_covered_display": "0", "missing_lines": 2, "excluded_lines": 0}, "missing_lines": [91, 117], "excluded_lines": []}, "cleanup_expired_notifications._cleanup": {"executed_lines": [], "summary": {"covered_lines": 0, "num_statements": 10, "percent_covered": 0.0, "percent_covered_display": "0", "missing_lines": 10, "excluded_lines": 0}, "missing_lines": [92, 93, 94, 97, 101, 104, 110, 111, 112, 115], "excluded_lines": []}, "send_email_notifications": {"executed_lines": [], "summary": {"covered_lines": 0, "num_statements": 2, "percent_covered": 0.0, "percent_covered_display": "0", "missing_lines": 2, "excluded_lines": 0}, "missing_lines": [128, 204], "excluded_lines": []}, "send_email_notifications._send_emails": {"executed_lines": [], "summary": {"covered_lines": 0, "num_statements": 27, "percent_covered": 0.0, "percent_covered_display": "0", "missing_lines": 27, "excluded_lines": 0}, "missing_lines": [129, 130, 132, 141, 142, 144, 145, 147, 157, 159, 160, 163, 164, 167, 168, 172, 173, 175, 179, 180, 181, 185, 187, 191, 200, 201, 202], "excluded_lines": []}, "process_system_alerts": {"executed_lines": [], "summary": {"covered_lines": 0, "num_statements": 2, "percent_covered": 0.0, "percent_covered_display": "0", "missing_lines": 2, "excluded_lines": 0}, "missing_lines": [211, 248], "excluded_lines": []}, "process_system_alerts._process_alerts": {"executed_lines": [], "summary": {"covered_lines": 0, "num_statements": 14, "percent_covered": 0.0, "percent_covered_display": "0", "missing_lines": 14, "excluded_lines": 0}, "missing_lines": [212, 213, 214, 216, 217, 223, 224, 231, 233, 235, 241, 242, 243, 246], "excluded_lines": []}, "": {"executed_lines": [1, 5, 6, 8, 9, 10, 11, 12, 13, 15, 18, 21, 87, 88, 120, 123, 207, 208], "summary": {"covered_lines": 17, "num_statements": 17, "percent_covered": 100.0, "percent_covered_display": "100", "missing_lines": 0, "excluded_lines": 0}, "missing_lines": [], "excluded_lines": []}}, "classes": {"": {"executed_lines": [1, 5, 6, 8, 9, 10, 11, 12, 13, 15, 18, 21, 87, 88, 120, 123, 207, 208], "summary": {"covered_lines": 17, "num_statements": 91, "percent_covered": 18.681318681318682, "percent_covered_display": "19", "missing_lines": 74, "excluded_lines": 0}, "missing_lines": [26, 27, 28, 29, 31, 41, 43, 47, 57, 61, 66, 70, 77, 78, 79, 82, 84, 91, 92, 93, 94, 97, 101, 104, 110, 111, 112, 115, 117, 128, 129, 130, 132, 141, 142, 144, 145, 147, 157, 159, 160, 163, 164, 167, 168, 172, 173, 175, 179, 180, 181, 185, 187, 191, 200, 201, 202, 204, 211, 212, 213, 214, 216, 217, 223, 224, 231, 233, 235, 241, 242, 243, 246, 248], "excluded_lines": []}}}, "app/tasks/pdf_tasks.py": {"executed_lines": [1, 5, 7, 8, 9, 10, 11, 12, 13, 15, 18, 19, 141, 142, 195, 196], "summary": {"covered_lines": 15, "num_statements": 68, "percent_covered": 22.058823529411764, "percent_covered_display": "22", "missing_lines": 53, "excluded_lines": 0}, "missing_lines": [22, 23, 24, 26, 36, 37, 38, 41, 47, 48, 49, 52, 61, 62, 67, 68, 72, 74, 84, 100, 103, 111, 112, 116, 117, 128, 129, 133, 136, 138, 147, 148, 150, 151, 153, 163, 167, 171, 172, 173, 177, 181, 192, 199, 200, 201, 204, 206, 207, 209, 210, 211, 213], "excluded_lines": [], "functions": {"generate_trip_pdf": {"executed_lines": [], "summary": {"covered_lines": 0, "num_statements": 2, "percent_covered": 0.0, "percent_covered_display": "0", "missing_lines": 2, "excluded_lines": 0}, "missing_lines": [22, 138], "excluded_lines": []}, "generate_trip_pdf._generate": {"executed_lines": [], "summary": {"covered_lines": 0, "num_statements": 28, "percent_covered": 0.0, "percent_covered_display": "0", "missing_lines": 28, "excluded_lines": 0}, "missing_lines": [23, 24, 26, 36, 37, 38, 41, 47, 48, 49, 52, 61, 62, 67, 68, 72, 74, 84, 100, 103, 111, 112, 116, 117, 128, 129, 133, 136], "excluded_lines": []}, "generate_bulk_pdfs": {"executed_lines": [], "summary": {"covered_lines": 0, "num_statements": 2, "percent_covered": 0.0, "percent_covered_display": "0", "missing_lines": 2, "excluded_lines": 0}, "missing_lines": [147, 192], "excluded_lines": []}, "generate_bulk_pdfs._generate_bulk": {"executed_lines": [], "summary": {"covered_lines": 0, "num_statements": 11, "percent_covered": 0.0, "percent_covered_display": "0", "missing_lines": 11, "excluded_lines": 0}, "missing_lines": [148, 150, 151, 153, 163, 167, 171, 172, 173, 177, 181], "excluded_lines": []}, "cleanup_old_pdfs": {"executed_lines": [], "summary": {"covered_lines": 0, "num_statements": 2, "percent_covered": 0.0, "percent_covered_display": "0", "missing_lines": 2, "excluded_lines": 0}, "missing_lines": [199, 213], "excluded_lines": []}, "cleanup_old_pdfs._cleanup": {"executed_lines": [], "summary": {"covered_lines": 0, "num_statements": 8, "percent_covered": 0.0, "percent_covered_display": "0", "missing_lines": 8, "excluded_lines": 0}, "missing_lines": [200, 201, 204, 206, 207, 209, 210, 211], "excluded_lines": []}, "": {"executed_lines": [1, 5, 7, 8, 9, 10, 11, 12, 13, 15, 18, 19, 141, 142, 195, 196], "summary": {"covered_lines": 15, "num_statements": 15, "percent_covered": 100.0, "percent_covered_display": "100", "missing_lines": 0, "excluded_lines": 0}, "missing_lines": [], "excluded_lines": []}}, "classes": {"": {"executed_lines": [1, 5, 7, 8, 9, 10, 11, 12, 13, 15, 18, 19, 141, 142, 195, 196], "summary": {"covered_lines": 15, "num_statements": 68, "percent_covered": 22.058823529411764, "percent_covered_display": "22", "missing_lines": 53, "excluded_lines": 0}, "missing_lines": [22, 23, 24, 26, 36, 37, 38, 41, 47, 48, 49, 52, 61, 62, 67, 68, 72, 74, 84, 100, 103, 111, 112, 116, 117, 128, 129, 133, 136, 138, 147, 148, 150, 151, 153, 163, 167, 171, 172, 173, 177, 181, 192, 199, 200, 201, 204, 206, 207, 209, 210, 211, 213], "excluded_lines": []}}}, "app/tasks/task_compat.py": {"executed_lines": [1, 6, 7, 8, 10, 11, 13, 16, 26, 27, 32, 33, 55, 56, 58, 60, 62, 65, 66, 71, 76, 102, 103, 105, 109, 139, 150], "summary": {"covered_lines": 24, "num_statements": 60, "percent_covered": 40.0, "percent_covered_display": "40", "missing_lines": 36, "excluded_lines": 0}, "missing_lines": [29, 34, 35, 40, 42, 44, 46, 48, 49, 52, 72, 73, 74, 83, 84, 86, 87, 93, 94, 96, 99, 106, 114, 116, 118, 121, 122, 123, 126, 128, 129, 130, 132, 133, 135, 144], "excluded_lines": [], "functions": {"conditional_task": {"executed_lines": [26, 62], "summary": {"covered_lines": 2, "num_statements": 2, "percent_covered": 100.0, "percent_covered_display": "100", "missing_lines": 0, "excluded_lines": 0}, "missing_lines": [], "excluded_lines": []}, "conditional_task.decorator": {"executed_lines": [27, 32, 33, 55, 56, 58, 60], "summary": {"covered_lines": 7, "num_statements": 17, "percent_covered": 41.1764705882353, "percent_covered_display": "41", "missing_lines": 10, "excluded_lines": 0}, "missing_lines": [29, 34, 35, 40, 42, 44, 46, 48, 49, 52], "excluded_lines": []}, "MockTaskContext.__init__": {"executed_lines": [], "summary": {"covered_lines": 0, "num_statements": 3, "percent_covered": 0.0, "percent_covered_display": "0", "missing_lines": 3, "excluded_lines": 0}, "missing_lines": [72, 73, 74], "excluded_lines": []}, "MockTaskContext.retry": {"executed_lines": [], "summary": {"covered_lines": 0, "num_statements": 8, "percent_covered": 0.0, "percent_covered_display": "0", "missing_lines": 8, "excluded_lines": 0}, "missing_lines": [83, 84, 86, 87, 93, 94, 96, 99], "excluded_lines": []}, "MockRequest.__init__": {"executed_lines": [], "summary": {"covered_lines": 0, "num_statements": 1, "percent_covered": 0.0, "percent_covered_display": "0", "missing_lines": 1, "excluded_lines": 0}, "missing_lines": [106], "excluded_lines": []}, "run_async_task": {"executed_lines": [], "summary": {"covered_lines": 0, "num_statements": 13, "percent_covered": 0.0, "percent_covered_display": "0", "missing_lines": 13, "excluded_lines": 0}, "missing_lines": [114, 116, 118, 121, 122, 123, 126, 128, 129, 130, 132, 133, 135], "excluded_lines": []}, "register_redis_free_task": {"executed_lines": [], "summary": {"covered_lines": 0, "num_statements": 1, "percent_covered": 0.0, "percent_covered_display": "0", "missing_lines": 1, "excluded_lines": 0}, "missing_lines": [144], "excluded_lines": []}, "": {"executed_lines": [1, 6, 7, 8, 10, 11, 13, 16, 65, 66, 71, 76, 102, 103, 105, 109, 139, 150], "summary": {"covered_lines": 15, "num_statements": 15, "percent_covered": 100.0, "percent_covered_display": "100", "missing_lines": 0, "excluded_lines": 0}, "missing_lines": [], "excluded_lines": []}}, "classes": {"MockTaskContext": {"executed_lines": [], "summary": {"covered_lines": 0, "num_statements": 11, "percent_covered": 0.0, "percent_covered_display": "0", "missing_lines": 11, "excluded_lines": 0}, "missing_lines": [72, 73, 74, 83, 84, 86, 87, 93, 94, 96, 99], "excluded_lines": []}, "MockRequest": {"executed_lines": [], "summary": {"covered_lines": 0, "num_statements": 1, "percent_covered": 0.0, "percent_covered_display": "0", "missing_lines": 1, "excluded_lines": 0}, "missing_lines": [106], "excluded_lines": []}, "": {"executed_lines": [1, 6, 7, 8, 10, 11, 13, 16, 26, 27, 32, 33, 55, 56, 58, 60, 62, 65, 66, 71, 76, 102, 103, 105, 109, 139, 150], "summary": {"covered_lines": 24, "num_statements": 48, "percent_covered": 50.0, "percent_covered_display": "50", "missing_lines": 24, "excluded_lines": 0}, "missing_lines": [29, 34, 35, 40, 42, 44, 46, 48, 49, 52, 114, 116, 118, 121, 122, 123, 126, 128, 129, 130, 132, 133, 135, 144], "excluded_lines": []}}}, "app/utils/__init__.py": {"executed_lines": [], "summary": {"covered_lines": 0, "num_statements": 0, "percent_covered": 100.0, "percent_covered_display": "100", "missing_lines": 0, "excluded_lines": 0}, "missing_lines": [], "excluded_lines": [], "functions": {"": {"executed_lines": [], "summary": {"covered_lines": 0, "num_statements": 0, "percent_covered": 100.0, "percent_covered_display": "100", "missing_lines": 0, "excluded_lines": 0}, "missing_lines": [], "excluded_lines": []}}, "classes": {"": {"executed_lines": [], "summary": {"covered_lines": 0, "num_statements": 0, "percent_covered": 100.0, "percent_covered_display": "100", "missing_lines": 0, "excluded_lines": 0}, "missing_lines": [], "excluded_lines": []}}}}, "totals": {"covered_lines": 4237, "num_statements": 11192, "percent_covered": 37.857398141529664, "percent_covered_display": "38", "missing_lines": 6955, "excluded_lines": 62}}